# JRE version: Java(TM) SE Runtime Environment (8.0_25-b18) (build 1.8.0_25-b18)
# Java VM: Java HotSpot(TM) 64-Bit Server VM (25.25-b02 mixed mode windows-amd64 compressed oops)
Heap:
 PSYoungGen      total 345088K, used 123593K [0x00000000d6100000, 0x00000000f6d00000, 0x0000000100000000)
  eden space 308224K, 28% used [0x00000000d6100000,0x00000000db5b3590,0x00000000e8e00000)
  from space 36864K, 99% used [0x00000000e8e00000,0x00000000eb1ff118,0x00000000eb200000)
  to   space 44544K, 0% used [0x00000000f4180000,0x00000000f4180000,0x00000000f6d00000)
 ParOldGen       total 61952K, used 24919K [0x0000000082200000, 0x0000000085e80000, 0x00000000d6100000)
  object space 61952K, 40% used [0x0000000082200000,0x0000000083a55e48,0x0000000085e80000)
 Metaspace       used 30736K, capacity 30883K, committed 31232K, reserved 1077248K
  class space    used 3652K, capacity 3726K, committed 3840K, reserved 1048576K
GC Heap History (10 events):
Event: 2.473 GC heap before
{Heap before GC invocations=10 (full 1):
 PSYoungGen      total 166912K, used 166907K [0x00000000d6100000, 0x00000000e4780000, 0x0000000100000000)
  eden space 151552K, 100% used [0x00000000d6100000,0x00000000df500000,0x00000000df500000)
  from space 15360K, 99% used [0x00000000e0780000,0x00000000e167ef50,0x00000000e1680000)
  to   space 18944K, 0% used [0x00000000df500000,0x00000000df500000,0x00000000e0780000)
 ParOldGen       total 61952K, used 9418K [0x0000000082200000, 0x0000000085e80000, 0x00000000d6100000)
  object space 61952K, 15% used [0x0000000082200000,0x0000000082b32828,0x0000000085e80000)
 Metaspace       used 24829K, capacity 24965K, committed 25216K, reserved 1071104K
  class space    used 3013K, capacity 3081K, committed 3200K, reserved 1048576K
Event: 2.486 GC heap after
Heap after GC invocations=10 (full 1):
 PSYoungGen      total 170496K, used 18938K [0x00000000d6100000, 0x00000000e6380000, 0x0000000100000000)
  eden space 151552K, 0% used [0x00000000d6100000,0x00000000d6100000,0x00000000df500000)
  from space 18944K, 99% used [0x00000000df500000,0x00000000e077eb60,0x00000000e0780000)
  to   space 24064K, 0% used [0x00000000e4c00000,0x00000000e4c00000,0x00000000e6380000)
 ParOldGen       total 61952K, used 13858K [0x0000000082200000, 0x0000000085e80000, 0x00000000d6100000)
  object space 61952K, 22% used [0x0000000082200000,0x0000000082f888e8,0x0000000085e80000)
 Metaspace       used 24829K, capacity 24965K, committed 25216K, reserved 1071104K
  class space    used 3013K, capacity 3081K, committed 3200K, reserved 1048576K
}
Event: 2.740 GC heap before
{Heap before GC invocations=11 (full 1):
 PSYoungGen      total 170496K, used 170490K [0x00000000d6100000, 0x00000000e6380000, 0x0000000100000000)
  eden space 151552K, 100% used [0x00000000d6100000,0x00000000df500000,0x00000000df500000)
  from space 18944K, 99% used [0x00000000df500000,0x00000000e077eb60,0x00000000e0780000)
  to   space 24064K, 0% used [0x00000000e4c00000,0x00000000e4c00000,0x00000000e6380000)
 ParOldGen       total 61952K, used 13858K [0x0000000082200000, 0x0000000085e80000, 0x00000000d6100000)
  object space 61952K, 22% used [0x0000000082200000,0x0000000082f888e8,0x0000000085e80000)
 Metaspace       used 25951K, capacity 26091K, committed 26240K, reserved 1073152K
  class space    used 3120K, capacity 3178K, committed 3200K, reserved 1048576K
Event: 2.755 GC heap after
Heap after GC invocations=11 (full 1):
 PSYoungGen      total 238080K, used 20268K [0x00000000d6100000, 0x00000000e6b80000, 0x0000000100000000)
  eden space 214016K, 0% used [0x00000000d6100000,0x00000000d6100000,0x00000000e3200000)
  from space 24064K, 84% used [0x00000000e4c00000,0x00000000e5fcb238,0x00000000e6380000)
  to   space 26624K, 0% used [0x00000000e3200000,0x00000000e3200000,0x00000000e4c00000)
 ParOldGen       total 61952K, used 14722K [0x0000000082200000, 0x0000000085e80000, 0x00000000d6100000)
  object space 61952K, 23% used [0x0000000082200000,0x00000000830608e8,0x0000000085e80000)
 Metaspace       used 25951K, capacity 26091K, committed 26240K, reserved 1073152K
  class space    used 3120K, capacity 3178K, committed 3200K, reserved 1048576K
}
Event: 3.078 GC heap before
{Heap before GC invocations=12 (full 1):
 PSYoungGen      total 238080K, used 234284K [0x00000000d6100000, 0x00000000e6b80000, 0x0000000100000000)
  eden space 214016K, 100% used [0x00000000d6100000,0x00000000e3200000,0x00000000e3200000)
  from space 24064K, 84% used [0x00000000e4c00000,0x00000000e5fcb238,0x00000000e6380000)
  to   space 26624K, 0% used [0x00000000e3200000,0x00000000e3200000,0x00000000e4c00000)
 ParOldGen       total 61952K, used 14722K [0x0000000082200000, 0x0000000085e80000, 0x00000000d6100000)
  object space 61952K, 23% used [0x0000000082200000,0x00000000830608e8,0x0000000085e80000)
 Metaspace       used 25974K, capacity 26155K, committed 26496K, reserved 1073152K
  class space    used 3122K, capacity 3178K, committed 3200K, reserved 1048576K
Event: 3.098 GC heap after
Heap after GC invocations=12 (full 1):
 PSYoungGen      total 240640K, used 26592K [0x00000000d6100000, 0x00000000ed180000, 0x0000000100000000)
  eden space 214016K, 0% used [0x00000000d6100000,0x00000000d6100000,0x00000000e3200000)
  from space 26624K, 99% used [0x00000000e3200000,0x00000000e4bf8270,0x00000000e4c00000)
  to   space 32256K, 0% used [0x00000000eb200000,0x00000000eb200000,0x00000000ed180000)
 ParOldGen       total 61952K, used 18273K [0x0000000082200000, 0x0000000085e80000, 0x00000000d6100000)
  object space 61952K, 29% used [0x0000000082200000,0x00000000833d8538,0x0000000085e80000)
 Metaspace       used 25974K, capacity 26155K, committed 26496K, reserved 1073152K
  class space    used 3122K, capacity 3178K, committed 3200K, reserved 1048576K
}
Event: 3.595 GC heap before
{Heap before GC invocations=13 (full 1):
 PSYoungGen      total 240640K, used 240608K [0x00000000d6100000, 0x00000000ed180000, 0x0000000100000000)
  eden space 214016K, 100% used [0x00000000d6100000,0x00000000e3200000,0x00000000e3200000)
  from space 26624K, 99% used [0x00000000e3200000,0x00000000e4bf8270,0x00000000e4c00000)
  to   space 32256K, 0% used [0x00000000eb200000,0x00000000eb200000,0x00000000ed180000)
 ParOldGen       total 61952K, used 18273K [0x0000000082200000, 0x0000000085e80000, 0x00000000d6100000)
  object space 61952K, 29% used [0x0000000082200000,0x00000000833d8538,0x0000000085e80000)
 Metaspace       used 27363K, capacity 27543K, committed 27776K, reserved 1073152K
  class space    used 3276K, capacity 3340K, committed 3456K, reserved 1048576K
Event: 3.613 GC heap after
Heap after GC invocations=13 (full 1):
 PSYoungGen      total 340480K, used 30914K [0x00000000d6100000, 0x00000000ed900000, 0x0000000100000000)
  eden space 308224K, 0% used [0x00000000d6100000,0x00000000d6100000,0x00000000e8e00000)
  from space 32256K, 95% used [0x00000000eb200000,0x00000000ed0308e0,0x00000000ed180000)
  to   space 36864K, 0% used [0x00000000e8e00000,0x00000000e8e00000,0x00000000eb200000)
 ParOldGen       total 61952K, used 21709K [0x0000000082200000, 0x0000000085e80000, 0x00000000d6100000)
  object space 61952K, 35% used [0x0000000082200000,0x0000000083733578,0x0000000085e80000)
 Metaspace       used 27363K, capacity 27543K, committed 27776K, reserved 1073152K
  class space    used 3276K, capacity 3340K, committed 3456K, reserved 1048576K
}
Event: 4.175 GC heap before
{Heap before GC invocations=14 (full 1):
 PSYoungGen      total 340480K, used 339138K [0x00000000d6100000, 0x00000000ed900000, 0x0000000100000000)
  eden space 308224K, 100% used [0x00000000d6100000,0x00000000e8e00000,0x00000000e8e00000)
  from space 32256K, 95% used [0x00000000eb200000,0x00000000ed0308e0,0x00000000ed180000)
  to   space 36864K, 0% used [0x00000000e8e00000,0x00000000e8e00000,0x00000000eb200000)
 ParOldGen       total 61952K, used 21709K [0x0000000082200000, 0x0000000085e80000, 0x00000000d6100000)
  object space 61952K, 35% used [0x0000000082200000,0x0000000083733578,0x0000000085e80000)
 Metaspace       used 30289K, capacity 30467K, committed 30848K, reserved 1077248K
  class space    used 3593K, capacity 3630K, committed 3712K, reserved 1048576K
Event: 4.197 GC heap after
Heap after GC invocations=14 (full 1):
 PSYoungGen      total 345088K, used 36860K [0x00000000d6100000, 0x00000000f6d00000, 0x0000000100000000)
  eden space 308224K, 0% used [0x00000000d6100000,0x00000000d6100000,0x00000000e8e00000)
  from space 36864K, 99% used [0x00000000e8e00000,0x00000000eb1ff118,0x00000000eb200000)
  to   space 44544K, 0% used [0x00000000f4180000,0x00000000f4180000,0x00000000f6d00000)
 ParOldGen       total 61952K, used 24919K [0x0000000082200000, 0x0000000085e80000, 0x00000000d6100000)
  object space 61952K, 40% used [0x0000000082200000,0x0000000083a55e48,0x0000000085e80000)
 Metaspace       used 30289K, capacity 30467K, committed 30848K, reserved 1077248K
  class space    used 3593K, capacity 3630K, committed 3712K, reserved 1048576K
}

