# JRE version: Java(TM) SE Runtime Environment (8.0_25-b18) (build 1.8.0_25-b18)
# Java VM: Java HotSpot(TM) 64-Bit Server VM (25.25-b02 mixed mode windows-amd64 compressed oops)
Heap:
 PSYoungGen      total 461312K, used 104584K [0x00000000d6100000, 0x0000000100000000, 0x0000000100000000)
  eden space 424448K, 24% used [0x00000000d6100000,0x00000000dc62f920,0x00000000eff80000)
  from space 36864K, 2% used [0x00000000eff80000,0x00000000f00729b0,0x00000000f2380000)
  to   space 52736K, 0% used [0x00000000fcc80000,0x00000000fcc80000,0x0000000100000000)
 ParOldGen       total 124928K, used 57239K [0x0000000082200000, 0x0000000089c00000, 0x00000000d6100000)
  object space 124928K, 45% used [0x0000000082200000,0x00000000859e5c98,0x0000000089c00000)
 Metaspace       used 30544K, capacity 30735K, committed 30976K, reserved 1077248K
  class space    used 3651K, capacity 3724K, committed 3840K, reserved 1048576K
GC Heap History (10 events):
Event: 3.448 GC heap before
{Heap before GC invocations=7 (full 1):
 PSYoungGen      total 136192K, used 136184K [0x00000000d6100000, 0x00000000e6080000, 0x0000000100000000)
  eden space 131072K, 100% used [0x00000000d6100000,0x00000000de100000,0x00000000de100000)
  from space 5120K, 99% used [0x00000000de100000,0x00000000de5fe090,0x00000000de600000)
  to   space 12800K, 0% used [0x00000000e5400000,0x00000000e5400000,0x00000000e6080000)
 ParOldGen       total 52736K, used 10892K [0x0000000082200000, 0x0000000085580000, 0x00000000d6100000)
  object space 52736K, 20% used [0x0000000082200000,0x0000000082ca3000,0x0000000085580000)
 Metaspace       used 24807K, capacity 24957K, committed 25216K, reserved 1071104K
  class space    used 3013K, capacity 3081K, committed 3200K, reserved 1048576K
Event: 3.455 GC heap after
Heap after GC invocations=7 (full 1):
 PSYoungGen      total 242688K, used 12797K [0x00000000d6100000, 0x00000000e7200000, 0x0000000100000000)
  eden space 229888K, 0% used [0x00000000d6100000,0x00000000d6100000,0x00000000e4180000)
  from space 12800K, 99% used [0x00000000e5400000,0x00000000e607f550,0x00000000e6080000)
  to   space 18944K, 0% used [0x00000000e4180000,0x00000000e4180000,0x00000000e5400000)
 ParOldGen       total 52736K, used 17007K [0x0000000082200000, 0x0000000085580000, 0x00000000d6100000)
  object space 52736K, 32% used [0x0000000082200000,0x000000008329bf50,0x0000000085580000)
 Metaspace       used 24807K, capacity 24957K, committed 25216K, reserved 1071104K
  class space    used 3013K, capacity 3081K, committed 3200K, reserved 1048576K
}
Event: 3.798 GC heap before
{Heap before GC invocations=8 (full 1):
 PSYoungGen      total 242688K, used 242685K [0x00000000d6100000, 0x00000000e7200000, 0x0000000100000000)
  eden space 229888K, 100% used [0x00000000d6100000,0x00000000e4180000,0x00000000e4180000)
  from space 12800K, 99% used [0x00000000e5400000,0x00000000e607f550,0x00000000e6080000)
  to   space 18944K, 0% used [0x00000000e4180000,0x00000000e4180000,0x00000000e5400000)
 ParOldGen       total 52736K, used 17007K [0x0000000082200000, 0x0000000085580000, 0x00000000d6100000)
  object space 52736K, 32% used [0x0000000082200000,0x000000008329bf50,0x0000000085580000)
 Metaspace       used 25571K, capacity 25725K, committed 25984K, reserved 1073152K
  class space    used 3094K, capacity 3145K, committed 3200K, reserved 1048576K
Event: 3.815 GC heap after
Heap after GC invocations=8 (full 1):
 PSYoungGen      total 248832K, used 18917K [0x00000000d6100000, 0x00000000f4100000, 0x0000000100000000)
  eden space 229888K, 0% used [0x00000000d6100000,0x00000000d6100000,0x00000000e4180000)
  from space 18944K, 99% used [0x00000000e4180000,0x00000000e53f9618,0x00000000e5400000)
  to   space 30208K, 0% used [0x00000000f2380000,0x00000000f2380000,0x00000000f4100000)
 ParOldGen       total 52736K, used 32941K [0x0000000082200000, 0x0000000085580000, 0x00000000d6100000)
  object space 52736K, 62% used [0x0000000082200000,0x000000008422b4a8,0x0000000085580000)
 Metaspace       used 25571K, capacity 25725K, committed 25984K, reserved 1073152K
  class space    used 3094K, capacity 3145K, committed 3200K, reserved 1048576K
}
Event: 4.211 GC heap before
{Heap before GC invocations=9 (full 1):
 PSYoungGen      total 248832K, used 248805K [0x00000000d6100000, 0x00000000f4100000, 0x0000000100000000)
  eden space 229888K, 100% used [0x00000000d6100000,0x00000000e4180000,0x00000000e4180000)
  from space 18944K, 99% used [0x00000000e4180000,0x00000000e53f9618,0x00000000e5400000)
  to   space 30208K, 0% used [0x00000000f2380000,0x00000000f2380000,0x00000000f4100000)
 ParOldGen       total 52736K, used 32941K [0x0000000082200000, 0x0000000085580000, 0x00000000d6100000)
  object space 52736K, 62% used [0x0000000082200000,0x000000008422b4a8,0x0000000085580000)
 Metaspace       used 25939K, capacity 26083K, committed 26240K, reserved 1073152K
  class space    used 3120K, capacity 3178K, committed 3200K, reserved 1048576K
Event: 4.233 GC heap after
Heap after GC invocations=9 (full 1):
 PSYoungGen      total 454656K, used 30201K [0x00000000d6100000, 0x00000000f5300000, 0x0000000100000000)
  eden space 424448K, 0% used [0x00000000d6100000,0x00000000d6100000,0x00000000eff80000)
  from space 30208K, 99% used [0x00000000f2380000,0x00000000f40fe7e8,0x00000000f4100000)
  to   space 36864K, 0% used [0x00000000eff80000,0x00000000eff80000,0x00000000f2380000)
 ParOldGen       total 52736K, used 34624K [0x0000000082200000, 0x0000000085580000, 0x00000000d6100000)
  object space 52736K, 65% used [0x0000000082200000,0x00000000843d01a0,0x0000000085580000)
 Metaspace       used 25939K, capacity 26083K, committed 26240K, reserved 1073152K
  class space    used 3120K, capacity 3178K, committed 3200K, reserved 1048576K
}
Event: 5.131 GC heap before
{Heap before GC invocations=10 (full 1):
 PSYoungGen      total 454656K, used 454649K [0x00000000d6100000, 0x00000000f5300000, 0x0000000100000000)
  eden space 424448K, 100% used [0x00000000d6100000,0x00000000eff80000,0x00000000eff80000)
  from space 30208K, 99% used [0x00000000f2380000,0x00000000f40fe7e8,0x00000000f4100000)
  to   space 36864K, 0% used [0x00000000eff80000,0x00000000eff80000,0x00000000f2380000)
 ParOldGen       total 52736K, used 34624K [0x0000000082200000, 0x0000000085580000, 0x00000000d6100000)
  object space 52736K, 65% used [0x0000000082200000,0x00000000843d01a0,0x0000000085580000)
 Metaspace       used 28370K, capacity 28527K, committed 28800K, reserved 1075200K
  class space    used 3389K, capacity 3436K, committed 3456K, reserved 1048576K
Event: 5.179 GC heap after
Heap after GC invocations=10 (full 1):
 PSYoungGen      total 461312K, used 36859K [0x00000000d6100000, 0x0000000100000000, 0x0000000100000000)
  eden space 424448K, 0% used [0x00000000d6100000,0x00000000d6100000,0x00000000eff80000)
  from space 36864K, 99% used [0x00000000eff80000,0x00000000f237efb0,0x00000000f2380000)
  to   space 52736K, 0% used [0x00000000fcc80000,0x00000000fcc80000,0x0000000100000000)
 ParOldGen       total 57344K, used 57325K [0x0000000082200000, 0x0000000085a00000, 0x00000000d6100000)
  object space 57344K, 99% used [0x0000000082200000,0x00000000859fb5b8,0x0000000085a00000)
 Metaspace       used 28370K, capacity 28527K, committed 28800K, reserved 1075200K
  class space    used 3389K, capacity 3436K, committed 3456K, reserved 1048576K
}
Event: 5.179 GC heap before
{Heap before GC invocations=11 (full 2):
 PSYoungGen      total 461312K, used 36859K [0x00000000d6100000, 0x0000000100000000, 0x0000000100000000)
  eden space 424448K, 0% used [0x00000000d6100000,0x00000000d6100000,0x00000000eff80000)
  from space 36864K, 99% used [0x00000000eff80000,0x00000000f237efb0,0x00000000f2380000)
  to   space 52736K, 0% used [0x00000000fcc80000,0x00000000fcc80000,0x0000000100000000)
 ParOldGen       total 57344K, used 57325K [0x0000000082200000, 0x0000000085a00000, 0x00000000d6100000)
  object space 57344K, 99% used [0x0000000082200000,0x00000000859fb5b8,0x0000000085a00000)
 Metaspace       used 28370K, capacity 28527K, committed 28800K, reserved 1075200K
  class space    used 3389K, capacity 3436K, committed 3456K, reserved 1048576K
Event: 5.222 GC heap after
Heap after GC invocations=11 (full 2):
 PSYoungGen      total 461312K, used 970K [0x00000000d6100000, 0x0000000100000000, 0x0000000100000000)
  eden space 424448K, 0% used [0x00000000d6100000,0x00000000d6100000,0x00000000eff80000)
  from space 36864K, 2% used [0x00000000eff80000,0x00000000f00729b0,0x00000000f2380000)
  to   space 52736K, 0% used [0x00000000fcc80000,0x00000000fcc80000,0x0000000100000000)
 ParOldGen       total 124928K, used 57239K [0x0000000082200000, 0x0000000089c00000, 0x00000000d6100000)
  object space 124928K, 45% used [0x0000000082200000,0x00000000859e5c98,0x0000000089c00000)
 Metaspace       used 28370K, capacity 28527K, committed 28800K, reserved 1075200K
  class space    used 3389K, capacity 3436K, committed 3456K, reserved 1048576K
}

