# JRE version: Java(TM) SE Runtime Environment (8.0_25-b18) (build 1.8.0_25-b18)
# Java VM: Java HotSpot(TM) 64-Bit Server VM (25.25-b02 mixed mode windows-amd64 compressed oops)
Heap:
 PSYoungGen      total 361984K, used 300064K [0x00000000d6100000, 0x00000000ef500000, 0x0000000100000000)
  eden space 328192K, 81% used [0x00000000d6100000,0x00000000e655e7e0,0x00000000ea180000)
  from space 33792K, 98% used [0x00000000ec800000,0x00000000ee8a9a58,0x00000000ee900000)
  to   space 39424K, 0% used [0x00000000ea180000,0x00000000ea180000,0x00000000ec800000)
 ParOldGen       total 55808K, used 28144K [0x0000000082200000, 0x0000000085880000, 0x00000000d6100000)
  object space 55808K, 50% used [0x0000000082200000,0x0000000083d7c088,0x0000000085880000)
 Metaspace       used 30752K, capacity 30947K, committed 31232K, reserved 1077248K
  class space    used 3660K, capacity 3726K, committed 3840K, reserved 1048576K
GC Heap History (10 events):
Event: 2.072 GC heap before
{Heap before GC invocations=9 (full 1):
 PSYoungGen      total 133632K, used 133382K [0x00000000d6100000, 0x00000000e2500000, 0x0000000100000000)
  eden space 121856K, 100% used [0x00000000d6100000,0x00000000dd800000,0x00000000dd800000)
  from space 11776K, 97% used [0x00000000dd800000,0x00000000de341ad0,0x00000000de380000)
  to   space 13824K, 0% used [0x00000000e1780000,0x00000000e1780000,0x00000000e2500000)
 ParOldGen       total 55808K, used 6764K [0x0000000082200000, 0x0000000085880000, 0x00000000d6100000)
  object space 55808K, 12% used [0x0000000082200000,0x000000008289b3b8,0x0000000085880000)
 Metaspace       used 24826K, capacity 24965K, committed 25216K, reserved 1071104K
  class space    used 3013K, capacity 3081K, committed 3200K, reserved 1048576K
Event: 2.082 GC heap after
Heap after GC invocations=9 (full 1):
 PSYoungGen      total 182784K, used 13814K [0x00000000d6100000, 0x00000000e4c00000, 0x0000000100000000)
  eden space 168960K, 0% used [0x00000000d6100000,0x00000000d6100000,0x00000000e0600000)
  from space 13824K, 99% used [0x00000000e1780000,0x00000000e24fda28,0x00000000e2500000)
  to   space 17920K, 0% used [0x00000000e0600000,0x00000000e0600000,0x00000000e1780000)
 ParOldGen       total 55808K, used 10845K [0x0000000082200000, 0x0000000085880000, 0x00000000d6100000)
  object space 55808K, 19% used [0x0000000082200000,0x0000000082c974b8,0x0000000085880000)
 Metaspace       used 24826K, capacity 24965K, committed 25216K, reserved 1071104K
  class space    used 3013K, capacity 3081K, committed 3200K, reserved 1048576K
}
Event: 2.300 GC heap before
{Heap before GC invocations=10 (full 1):
 PSYoungGen      total 182784K, used 182774K [0x00000000d6100000, 0x00000000e4c00000, 0x0000000100000000)
  eden space 168960K, 100% used [0x00000000d6100000,0x00000000e0600000,0x00000000e0600000)
  from space 13824K, 99% used [0x00000000e1780000,0x00000000e24fda28,0x00000000e2500000)
  to   space 17920K, 0% used [0x00000000e0600000,0x00000000e0600000,0x00000000e1780000)
 ParOldGen       total 55808K, used 10845K [0x0000000082200000, 0x0000000085880000, 0x00000000d6100000)
  object space 55808K, 19% used [0x0000000082200000,0x0000000082c974b8,0x0000000085880000)
 Metaspace       used 24827K, capacity 24965K, committed 25216K, reserved 1071104K
  class space    used 3014K, capacity 3081K, committed 3200K, reserved 1048576K
Event: 2.310 GC heap after
Heap after GC invocations=10 (full 1):
 PSYoungGen      total 186880K, used 17896K [0x00000000d6100000, 0x00000000e7a00000, 0x0000000100000000)
  eden space 168960K, 0% used [0x00000000d6100000,0x00000000d6100000,0x00000000e0600000)
  from space 17920K, 99% used [0x00000000e0600000,0x00000000e177a190,0x00000000e1780000)
  to   space 24064K, 0% used [0x00000000e6280000,0x00000000e6280000,0x00000000e7a00000)
 ParOldGen       total 55808K, used 18730K [0x0000000082200000, 0x0000000085880000, 0x00000000d6100000)
  object space 55808K, 33% used [0x0000000082200000,0x000000008344ab00,0x0000000085880000)
 Metaspace       used 24827K, capacity 24965K, committed 25216K, reserved 1071104K
  class space    used 3014K, capacity 3081K, committed 3200K, reserved 1048576K
}
Event: 2.606 GC heap before
{Heap before GC invocations=11 (full 1):
 PSYoungGen      total 186880K, used 186856K [0x00000000d6100000, 0x00000000e7a00000, 0x0000000100000000)
  eden space 168960K, 100% used [0x00000000d6100000,0x00000000e0600000,0x00000000e0600000)
  from space 17920K, 99% used [0x00000000e0600000,0x00000000e177a190,0x00000000e1780000)
  to   space 24064K, 0% used [0x00000000e6280000,0x00000000e6280000,0x00000000e7a00000)
 ParOldGen       total 55808K, used 18730K [0x0000000082200000, 0x0000000085880000, 0x00000000d6100000)
  object space 55808K, 33% used [0x0000000082200000,0x000000008344ab00,0x0000000085880000)
 Metaspace       used 25952K, capacity 26091K, committed 26240K, reserved 1073152K
  class space    used 3120K, capacity 3178K, committed 3200K, reserved 1048576K
Event: 2.618 GC heap after
Heap after GC invocations=11 (full 1):
 PSYoungGen      total 260096K, used 22273K [0x00000000d6100000, 0x00000000e8100000, 0x0000000100000000)
  eden space 236032K, 0% used [0x00000000d6100000,0x00000000d6100000,0x00000000e4780000)
  from space 24064K, 92% used [0x00000000e6280000,0x00000000e7840760,0x00000000e7a00000)
  to   space 27648K, 0% used [0x00000000e4780000,0x00000000e4780000,0x00000000e6280000)
 ParOldGen       total 55808K, used 20106K [0x0000000082200000, 0x0000000085880000, 0x00000000d6100000)
  object space 55808K, 36% used [0x0000000082200000,0x00000000835a2b00,0x0000000085880000)
 Metaspace       used 25952K, capacity 26091K, committed 26240K, reserved 1073152K
  class space    used 3120K, capacity 3178K, committed 3200K, reserved 1048576K
}
Event: 3.017 GC heap before
{Heap before GC invocations=12 (full 1):
 PSYoungGen      total 260096K, used 258305K [0x00000000d6100000, 0x00000000e8100000, 0x0000000100000000)
  eden space 236032K, 100% used [0x00000000d6100000,0x00000000e4780000,0x00000000e4780000)
  from space 24064K, 92% used [0x00000000e6280000,0x00000000e7840760,0x00000000e7a00000)
  to   space 27648K, 0% used [0x00000000e4780000,0x00000000e4780000,0x00000000e6280000)
 ParOldGen       total 55808K, used 20106K [0x0000000082200000, 0x0000000085880000, 0x00000000d6100000)
  object space 55808K, 36% used [0x0000000082200000,0x00000000835a2b00,0x0000000085880000)
 Metaspace       used 25973K, capacity 26155K, committed 26496K, reserved 1073152K
  class space    used 3122K, capacity 3178K, committed 3200K, reserved 1048576K
Event: 3.030 GC heap after
Heap after GC invocations=12 (full 1):
 PSYoungGen      total 263680K, used 27634K [0x00000000d6100000, 0x00000000ee900000, 0x0000000100000000)
  eden space 236032K, 0% used [0x00000000d6100000,0x00000000d6100000,0x00000000e4780000)
  from space 27648K, 99% used [0x00000000e4780000,0x00000000e627c8b8,0x00000000e6280000)
  to   space 33792K, 0% used [0x00000000ec800000,0x00000000ec800000,0x00000000ee900000)
 ParOldGen       total 55808K, used 25162K [0x0000000082200000, 0x0000000085880000, 0x00000000d6100000)
  object space 55808K, 45% used [0x0000000082200000,0x0000000083a92a48,0x0000000085880000)
 Metaspace       used 25973K, capacity 26155K, committed 26496K, reserved 1073152K
  class space    used 3122K, capacity 3178K, committed 3200K, reserved 1048576K
}
Event: 3.486 GC heap before
{Heap before GC invocations=13 (full 1):
 PSYoungGen      total 263680K, used 263666K [0x00000000d6100000, 0x00000000ee900000, 0x0000000100000000)
  eden space 236032K, 100% used [0x00000000d6100000,0x00000000e4780000,0x00000000e4780000)
  from space 27648K, 99% used [0x00000000e4780000,0x00000000e627c8b8,0x00000000e6280000)
  to   space 33792K, 0% used [0x00000000ec800000,0x00000000ec800000,0x00000000ee900000)
 ParOldGen       total 55808K, used 25162K [0x0000000082200000, 0x0000000085880000, 0x00000000d6100000)
  object space 55808K, 45% used [0x0000000082200000,0x0000000083a92a48,0x0000000085880000)
 Metaspace       used 27359K, capacity 27543K, committed 27776K, reserved 1073152K
  class space    used 3276K, capacity 3340K, committed 3456K, reserved 1048576K
Event: 3.505 GC heap after
Heap after GC invocations=13 (full 1):
 PSYoungGen      total 361984K, used 33446K [0x00000000d6100000, 0x00000000ef500000, 0x0000000100000000)
  eden space 328192K, 0% used [0x00000000d6100000,0x00000000d6100000,0x00000000ea180000)
  from space 33792K, 98% used [0x00000000ec800000,0x00000000ee8a9a58,0x00000000ee900000)
  to   space 39424K, 0% used [0x00000000ea180000,0x00000000ea180000,0x00000000ec800000)
 ParOldGen       total 55808K, used 28144K [0x0000000082200000, 0x0000000085880000, 0x00000000d6100000)
  object space 55808K, 50% used [0x0000000082200000,0x0000000083d7c088,0x0000000085880000)
 Metaspace       used 27359K, capacity 27543K, committed 27776K, reserved 1073152K
  class space    used 3276K, capacity 3340K, committed 3456K, reserved 1048576K
}

