# JRE version: Java(TM) SE Runtime Environment (8.0_25-b18) (build 1.8.0_25-b18)
# Java VM: Java HotSpot(TM) 64-Bit Server VM (25.25-b02 mixed mode windows-amd64 compressed oops)
Heap:
 PSYoungGen      total 426496K, used 28592K [0x00000000d6100000, 0x00000000f1100000, 0x0000000100000000)
  eden space 411648K, 6% used [0x00000000d6100000,0x00000000d7cec050,0x00000000ef300000)
  from space 14848K, 0% used [0x00000000f0280000,0x00000000f0280000,0x00000000f1100000)
  to   space 15360K, 0% used [0x00000000ef300000,0x00000000ef300000,0x00000000f0200000)
 ParOldGen       total 86016K, used 8437K [0x0000000082200000, 0x0000000087600000, 0x00000000d6100000)
  object space 86016K, 9% used [0x0000000082200000,0x0000000082a3d620,0x0000000087600000)
 Metaspace       used 26805K, capacity 26926K, committed 27264K, reserved 1073152K
  class space    used 2889K, capacity 2924K, committed 2944K, reserved 1048576K
GC Heap History (10 events):
Event: 6.172 GC heap before
{Heap before GC invocations=47 (full 19):
 PSYoungGen      total 427008K, used 706K [0x00000000d6100000, 0x00000000f1200000, 0x0000000100000000)
  eden space 411648K, 0% used [0x00000000d6100000,0x00000000d6100000,0x00000000ef300000)
  from space 15360K, 4% used [0x00000000f0300000,0x00000000f03b0980,0x00000000f1200000)
  to   space 15872K, 0% used [0x00000000ef300000,0x00000000ef300000,0x00000000f0280000)
 ParOldGen       total 86016K, used 8476K [0x0000000082200000, 0x0000000087600000, 0x00000000d6100000)
  object space 86016K, 9% used [0x0000000082200000,0x0000000082a471e8,0x0000000087600000)
 Metaspace       used 25580K, capacity 25742K, committed 26112K, reserved 1073152K
  class space    used 2711K, capacity 2764K, committed 2816K, reserved 1048576K
Event: 6.226 GC heap after
Heap after GC invocations=47 (full 19):
 PSYoungGen      total 427008K, used 0K [0x00000000d6100000, 0x00000000f1200000, 0x0000000100000000)
  eden space 411648K, 0% used [0x00000000d6100000,0x00000000d6100000,0x00000000ef300000)
  from space 15360K, 0% used [0x00000000f0300000,0x00000000f0300000,0x00000000f1200000)
  to   space 15872K, 0% used [0x00000000ef300000,0x00000000ef300000,0x00000000f0280000)
 ParOldGen       total 86016K, used 8759K [0x0000000082200000, 0x0000000087600000, 0x00000000d6100000)
  object space 86016K, 10% used [0x0000000082200000,0x0000000082a8df08,0x0000000087600000)
 Metaspace       used 25580K, capacity 25742K, committed 26112K, reserved 1073152K
  class space    used 2711K, capacity 2764K, committed 2816K, reserved 1048576K
}
Event: 6.328 GC heap before
{Heap before GC invocations=48 (full 19):
 PSYoungGen      total 427008K, used 20627K [0x00000000d6100000, 0x00000000f1200000, 0x0000000100000000)
  eden space 411648K, 5% used [0x00000000d6100000,0x00000000d7524ca8,0x00000000ef300000)
  from space 15360K, 0% used [0x00000000f0300000,0x00000000f0300000,0x00000000f1200000)
  to   space 15872K, 0% used [0x00000000ef300000,0x00000000ef300000,0x00000000f0280000)
 ParOldGen       total 86016K, used 8759K [0x0000000082200000, 0x0000000087600000, 0x00000000d6100000)
  object space 86016K, 10% used [0x0000000082200000,0x0000000082a8df08,0x0000000087600000)
 Metaspace       used 26531K, capacity 26702K, committed 27008K, reserved 1073152K
  class space    used 2849K, capacity 2892K, committed 2944K, reserved 1048576K
Event: 6.329 GC heap after
Heap after GC invocations=48 (full 19):
 PSYoungGen      total 427520K, used 832K [0x00000000d6100000, 0x00000000f1200000, 0x0000000100000000)
  eden space 411648K, 0% used [0x00000000d6100000,0x00000000d6100000,0x00000000ef300000)
  from space 15872K, 5% used [0x00000000ef300000,0x00000000ef3d0000,0x00000000f0280000)
  to   space 15872K, 0% used [0x00000000f0280000,0x00000000f0280000,0x00000000f1200000)
 ParOldGen       total 86016K, used 8759K [0x0000000082200000, 0x0000000087600000, 0x00000000d6100000)
  object space 86016K, 10% used [0x0000000082200000,0x0000000082a8df08,0x0000000087600000)
 Metaspace       used 26531K, capacity 26702K, committed 27008K, reserved 1073152K
  class space    used 2849K, capacity 2892K, committed 2944K, reserved 1048576K
}
Event: 6.329 GC heap before
{Heap before GC invocations=49 (full 20):
 PSYoungGen      total 427520K, used 832K [0x00000000d6100000, 0x00000000f1200000, 0x0000000100000000)
  eden space 411648K, 0% used [0x00000000d6100000,0x00000000d6100000,0x00000000ef300000)
  from space 15872K, 5% used [0x00000000ef300000,0x00000000ef3d0000,0x00000000f0280000)
  to   space 15872K, 0% used [0x00000000f0280000,0x00000000f0280000,0x00000000f1200000)
 ParOldGen       total 86016K, used 8759K [0x0000000082200000, 0x0000000087600000, 0x00000000d6100000)
  object space 86016K, 10% used [0x0000000082200000,0x0000000082a8df08,0x0000000087600000)
 Metaspace       used 26531K, capacity 26702K, committed 27008K, reserved 1073152K
  class space    used 2849K, capacity 2892K, committed 2944K, reserved 1048576K
Event: 6.351 GC heap after
Heap after GC invocations=49 (full 20):
 PSYoungGen      total 427520K, used 0K [0x00000000d6100000, 0x00000000f1200000, 0x0000000100000000)
  eden space 411648K, 0% used [0x00000000d6100000,0x00000000d6100000,0x00000000ef300000)
  from space 15872K, 0% used [0x00000000ef300000,0x00000000ef300000,0x00000000f0280000)
  to   space 15872K, 0% used [0x00000000f0280000,0x00000000f0280000,0x00000000f1200000)
 ParOldGen       total 86016K, used 8775K [0x0000000082200000, 0x0000000087600000, 0x00000000d6100000)
  object space 86016K, 10% used [0x0000000082200000,0x0000000082a91f38,0x0000000087600000)
 Metaspace       used 26531K, capacity 26702K, committed 27008K, reserved 1073152K
  class space    used 2849K, capacity 2892K, committed 2944K, reserved 1048576K
}
Event: 6.452 GC heap before
{Heap before GC invocations=50 (full 20):
 PSYoungGen      total 427520K, used 32977K [0x00000000d6100000, 0x00000000f1200000, 0x0000000100000000)
  eden space 411648K, 8% used [0x00000000d6100000,0x00000000d81347e8,0x00000000ef300000)
  from space 15872K, 0% used [0x00000000ef300000,0x00000000ef300000,0x00000000f0280000)
  to   space 15872K, 0% used [0x00000000f0280000,0x00000000f0280000,0x00000000f1200000)
 ParOldGen       total 86016K, used 8775K [0x0000000082200000, 0x0000000087600000, 0x00000000d6100000)
  object space 86016K, 10% used [0x0000000082200000,0x0000000082a91f38,0x0000000087600000)
 Metaspace       used 26762K, capacity 26926K, committed 27264K, reserved 1073152K
  class space    used 2888K, capacity 2924K, committed 2944K, reserved 1048576K
Event: 6.452 GC heap after
Heap after GC invocations=50 (full 20):
 PSYoungGen      total 426496K, used 352K [0x00000000d6100000, 0x00000000f1100000, 0x0000000100000000)
  eden space 411648K, 0% used [0x00000000d6100000,0x00000000d6100000,0x00000000ef300000)
  from space 14848K, 2% used [0x00000000f0280000,0x00000000f02d8000,0x00000000f1100000)
  to   space 15360K, 0% used [0x00000000ef300000,0x00000000ef300000,0x00000000f0200000)
 ParOldGen       total 86016K, used 8775K [0x0000000082200000, 0x0000000087600000, 0x00000000d6100000)
  object space 86016K, 10% used [0x0000000082200000,0x0000000082a91f38,0x0000000087600000)
 Metaspace       used 26762K, capacity 26926K, committed 27264K, reserved 1073152K
  class space    used 2888K, capacity 2924K, committed 2944K, reserved 1048576K
}
Event: 6.452 GC heap before
{Heap before GC invocations=51 (full 21):
 PSYoungGen      total 426496K, used 352K [0x00000000d6100000, 0x00000000f1100000, 0x0000000100000000)
  eden space 411648K, 0% used [0x00000000d6100000,0x00000000d6100000,0x00000000ef300000)
  from space 14848K, 2% used [0x00000000f0280000,0x00000000f02d8000,0x00000000f1100000)
  to   space 15360K, 0% used [0x00000000ef300000,0x00000000ef300000,0x00000000f0200000)
 ParOldGen       total 86016K, used 8775K [0x0000000082200000, 0x0000000087600000, 0x00000000d6100000)
  object space 86016K, 10% used [0x0000000082200000,0x0000000082a91f38,0x0000000087600000)
 Metaspace       used 26762K, capacity 26926K, committed 27264K, reserved 1073152K
  class space    used 2888K, capacity 2924K, committed 2944K, reserved 1048576K
Event: 6.466 GC heap after
Heap after GC invocations=51 (full 21):
 PSYoungGen      total 426496K, used 0K [0x00000000d6100000, 0x00000000f1100000, 0x0000000100000000)
  eden space 411648K, 0% used [0x00000000d6100000,0x00000000d6100000,0x00000000ef300000)
  from space 14848K, 0% used [0x00000000f0280000,0x00000000f0280000,0x00000000f1100000)
  to   space 15360K, 0% used [0x00000000ef300000,0x00000000ef300000,0x00000000f0200000)
 ParOldGen       total 86016K, used 8437K [0x0000000082200000, 0x0000000087600000, 0x00000000d6100000)
  object space 86016K, 9% used [0x0000000082200000,0x0000000082a3d620,0x0000000087600000)
 Metaspace       used 26762K, capacity 26926K, committed 27264K, reserved 1073152K
  class space    used 2888K, capacity 2924K, committed 2944K, reserved 1048576K
}

