# JRE version: Java(TM) SE Runtime Environment (8.0_25-b18) (build 1.8.0_25-b18)
# Java VM: Java HotSpot(TM) 64-Bit Server VM (25.25-b02 mixed mode windows-amd64 compressed oops)
Heap:
 PSYoungGen      total 406016K, used 210143K [0x00000000d6100000, 0x00000000f3080000, 0x0000000100000000)
  eden space 369664K, 47% used [0x00000000d6100000,0x00000000e0abba00,0x00000000eca00000)
  from space 36352K, 99% used [0x00000000ef700000,0x00000000f1a7c220,0x00000000f1a80000)
  to   space 46080K, 0% used [0x00000000eca00000,0x00000000eca00000,0x00000000ef700000)
 ParOldGen       total 57344K, used 34804K [0x0000000082200000, 0x0000000085a00000, 0x00000000d6100000)
  object space 57344K, 60% used [0x0000000082200000,0x00000000843fd3b0,0x0000000085a00000)
 Metaspace       used 30722K, capacity 30879K, committed 31232K, reserved 1077248K
  class space    used 3651K, capacity 3726K, committed 3840K, reserved 1048576K
GC Heap History (10 events):
Event: 2.228 GC heap before
{Heap before GC invocations=9 (full 1):
 PSYoungGen      total 134656K, used 133666K [0x00000000d6100000, 0x00000000e3080000, 0x0000000100000000)
  eden space 121344K, 100% used [0x00000000d6100000,0x00000000dd780000,0x00000000dd780000)
  from space 13312K, 92% used [0x00000000dd780000,0x00000000de388a60,0x00000000de480000)
  to   space 15360K, 0% used [0x00000000e2180000,0x00000000e2180000,0x00000000e3080000)
 ParOldGen       total 57344K, used 6793K [0x0000000082200000, 0x0000000085a00000, 0x00000000d6100000)
  object space 57344K, 11% used [0x0000000082200000,0x00000000828a2560,0x0000000085a00000)
 Metaspace       used 24825K, capacity 24961K, committed 25216K, reserved 1071104K
  class space    used 3013K, capacity 3081K, committed 3200K, reserved 1048576K
Event: 2.235 GC heap after
Heap after GC invocations=9 (full 1):
 PSYoungGen      total 193024K, used 15343K [0x00000000d6100000, 0x00000000e5480000, 0x0000000100000000)
  eden space 177664K, 0% used [0x00000000d6100000,0x00000000d6100000,0x00000000e0e80000)
  from space 15360K, 99% used [0x00000000e2180000,0x00000000e307bf10,0x00000000e3080000)
  to   space 19456K, 0% used [0x00000000e0e80000,0x00000000e0e80000,0x00000000e2180000)
 ParOldGen       total 57344K, used 9484K [0x0000000082200000, 0x0000000085a00000, 0x00000000d6100000)
  object space 57344K, 16% used [0x0000000082200000,0x0000000082b430b8,0x0000000085a00000)
 Metaspace       used 24825K, capacity 24961K, committed 25216K, reserved 1071104K
  class space    used 3013K, capacity 3081K, committed 3200K, reserved 1048576K
}
Event: 2.471 GC heap before
{Heap before GC invocations=10 (full 1):
 PSYoungGen      total 193024K, used 193007K [0x00000000d6100000, 0x00000000e5480000, 0x0000000100000000)
  eden space 177664K, 100% used [0x00000000d6100000,0x00000000e0e80000,0x00000000e0e80000)
  from space 15360K, 99% used [0x00000000e2180000,0x00000000e307bf10,0x00000000e3080000)
  to   space 19456K, 0% used [0x00000000e0e80000,0x00000000e0e80000,0x00000000e2180000)
 ParOldGen       total 57344K, used 9484K [0x0000000082200000, 0x0000000085a00000, 0x00000000d6100000)
  object space 57344K, 16% used [0x0000000082200000,0x0000000082b430b8,0x0000000085a00000)
 Metaspace       used 24826K, capacity 24961K, committed 25216K, reserved 1071104K
  class space    used 3014K, capacity 3081K, committed 3200K, reserved 1048576K
Event: 2.488 GC heap after
Heap after GC invocations=10 (full 1):
 PSYoungGen      total 197120K, used 19438K [0x00000000d6100000, 0x00000000e9280000, 0x0000000100000000)
  eden space 177664K, 0% used [0x00000000d6100000,0x00000000d6100000,0x00000000e0e80000)
  from space 19456K, 99% used [0x00000000e0e80000,0x00000000e217ba48,0x00000000e2180000)
  to   space 25600K, 0% used [0x00000000e7980000,0x00000000e7980000,0x00000000e9280000)
 ParOldGen       total 57344K, used 17071K [0x0000000082200000, 0x0000000085a00000, 0x00000000d6100000)
  object space 57344K, 29% used [0x0000000082200000,0x00000000832abc88,0x0000000085a00000)
 Metaspace       used 24826K, capacity 24961K, committed 25216K, reserved 1071104K
  class space    used 3014K, capacity 3081K, committed 3200K, reserved 1048576K
}
Event: 2.815 GC heap before
{Heap before GC invocations=11 (full 1):
 PSYoungGen      total 197120K, used 197102K [0x00000000d6100000, 0x00000000e9280000, 0x0000000100000000)
  eden space 177664K, 100% used [0x00000000d6100000,0x00000000e0e80000,0x00000000e0e80000)
  from space 19456K, 99% used [0x00000000e0e80000,0x00000000e217ba48,0x00000000e2180000)
  to   space 25600K, 0% used [0x00000000e7980000,0x00000000e7980000,0x00000000e9280000)
 ParOldGen       total 57344K, used 17071K [0x0000000082200000, 0x0000000085a00000, 0x00000000d6100000)
  object space 57344K, 29% used [0x0000000082200000,0x00000000832abc88,0x0000000085a00000)
 Metaspace       used 25951K, capacity 26087K, committed 26240K, reserved 1073152K
  class space    used 3120K, capacity 3178K, committed 3200K, reserved 1048576K
Event: 2.826 GC heap after
Heap after GC invocations=11 (full 1):
 PSYoungGen      total 283648K, used 23433K [0x00000000d6100000, 0x00000000e9900000, 0x0000000100000000)
  eden space 258048K, 0% used [0x00000000d6100000,0x00000000d6100000,0x00000000e5d00000)
  from space 25600K, 91% used [0x00000000e7980000,0x00000000e90625d8,0x00000000e9280000)
  to   space 29184K, 0% used [0x00000000e5d00000,0x00000000e5d00000,0x00000000e7980000)
 ParOldGen       total 57344K, used 18471K [0x0000000082200000, 0x0000000085a00000, 0x00000000d6100000)
  object space 57344K, 32% used [0x0000000082200000,0x0000000083409c88,0x0000000085a00000)
 Metaspace       used 25951K, capacity 26087K, committed 26240K, reserved 1073152K
  class space    used 3120K, capacity 3178K, committed 3200K, reserved 1048576K
}
Event: 3.296 GC heap before
{Heap before GC invocations=12 (full 1):
 PSYoungGen      total 283648K, used 281481K [0x00000000d6100000, 0x00000000e9900000, 0x0000000100000000)
  eden space 258048K, 100% used [0x00000000d6100000,0x00000000e5d00000,0x00000000e5d00000)
  from space 25600K, 91% used [0x00000000e7980000,0x00000000e90625d8,0x00000000e9280000)
  to   space 29184K, 0% used [0x00000000e5d00000,0x00000000e5d00000,0x00000000e7980000)
 ParOldGen       total 57344K, used 18471K [0x0000000082200000, 0x0000000085a00000, 0x00000000d6100000)
  object space 57344K, 32% used [0x0000000082200000,0x0000000083409c88,0x0000000085a00000)
 Metaspace       used 25972K, capacity 26151K, committed 26496K, reserved 1073152K
  class space    used 3122K, capacity 3178K, committed 3200K, reserved 1048576K
Event: 3.317 GC heap after
Heap after GC invocations=12 (full 1):
 PSYoungGen      total 287232K, used 29178K [0x00000000d6100000, 0x00000000f1a80000, 0x0000000100000000)
  eden space 258048K, 0% used [0x00000000d6100000,0x00000000d6100000,0x00000000e5d00000)
  from space 29184K, 99% used [0x00000000e5d00000,0x00000000e797e998,0x00000000e7980000)
  to   space 36352K, 0% used [0x00000000ef700000,0x00000000ef700000,0x00000000f1a80000)
 ParOldGen       total 57344K, used 25245K [0x0000000082200000, 0x0000000085a00000, 0x00000000d6100000)
  object space 57344K, 44% used [0x0000000082200000,0x0000000083aa7458,0x0000000085a00000)
 Metaspace       used 25972K, capacity 26151K, committed 26496K, reserved 1073152K
  class space    used 3122K, capacity 3178K, committed 3200K, reserved 1048576K
}
Event: 3.923 GC heap before
{Heap before GC invocations=13 (full 1):
 PSYoungGen      total 287232K, used 287226K [0x00000000d6100000, 0x00000000f1a80000, 0x0000000100000000)
  eden space 258048K, 100% used [0x00000000d6100000,0x00000000e5d00000,0x00000000e5d00000)
  from space 29184K, 99% used [0x00000000e5d00000,0x00000000e797e998,0x00000000e7980000)
  to   space 36352K, 0% used [0x00000000ef700000,0x00000000ef700000,0x00000000f1a80000)
 ParOldGen       total 57344K, used 25245K [0x0000000082200000, 0x0000000085a00000, 0x00000000d6100000)
  object space 57344K, 44% used [0x0000000082200000,0x0000000083aa7458,0x0000000085a00000)
 Metaspace       used 28955K, capacity 29145K, committed 29440K, reserved 1075200K
  class space    used 3406K, capacity 3469K, committed 3584K, reserved 1048576K
Event: 3.962 GC heap after
Heap after GC invocations=13 (full 1):
 PSYoungGen      total 406016K, used 36336K [0x00000000d6100000, 0x00000000f3080000, 0x0000000100000000)
  eden space 369664K, 0% used [0x00000000d6100000,0x00000000d6100000,0x00000000eca00000)
  from space 36352K, 99% used [0x00000000ef700000,0x00000000f1a7c220,0x00000000f1a80000)
  to   space 46080K, 0% used [0x00000000eca00000,0x00000000eca00000,0x00000000ef700000)
 ParOldGen       total 57344K, used 34804K [0x0000000082200000, 0x0000000085a00000, 0x00000000d6100000)
  object space 57344K, 60% used [0x0000000082200000,0x00000000843fd3b0,0x0000000085a00000)
 Metaspace       used 28955K, capacity 29145K, committed 29440K, reserved 1075200K
  class space    used 3406K, capacity 3469K, committed 3584K, reserved 1048576K
}

