# JRE version: Java(TM) SE Runtime Environment (8.0_25-b18) (build 1.8.0_25-b18)
# Java VM: Java HotSpot(TM) 64-Bit Server VM (25.25-b02 mixed mode windows-amd64 compressed oops)
Heap:
 PSYoungGen      total 671232K, used 19440K [0x00000000d6100000, 0x0000000100000000, 0x0000000100000000)
  eden space 655360K, 2% used [0x00000000d6100000,0x00000000d73fc3b8,0x00000000fe100000)
  from space 15872K, 0% used [0x00000000ff080000,0x00000000ff080000,0x0000000100000000)
  to   space 15872K, 0% used [0x00000000fe100000,0x00000000fe100000,0x00000000ff080000)
 ParOldGen       total 86016K, used 8278K [0x0000000082200000, 0x0000000087600000, 0x00000000d6100000)
  object space 86016K, 9% used [0x0000000082200000,0x0000000082a15b30,0x0000000087600000)
 Metaspace       used 26867K, capacity 26990K, committed 27264K, reserved 1073152K
  class space    used 2884K, capacity 2924K, committed 2944K, reserved 1048576K
GC Heap History (10 events):
Event: 4.772 GC heap before
{Heap before GC invocations=44 (full 18):
 PSYoungGen      total 670720K, used 811K [0x00000000d6100000, 0x0000000100000000, 0x0000000100000000)
  eden space 655360K, 0% used [0x00000000d6100000,0x00000000d6100000,0x00000000fe100000)
  from space 15360K, 5% used [0x00000000ff100000,0x00000000ff1cae78,0x0000000100000000)
  to   space 15872K, 0% used [0x00000000fe100000,0x00000000fe100000,0x00000000ff080000)
 ParOldGen       total 86016K, used 8654K [0x0000000082200000, 0x0000000087600000, 0x00000000d6100000)
  object space 86016K, 10% used [0x0000000082200000,0x0000000082a73bd8,0x0000000087600000)
 Metaspace       used 25646K, capacity 25870K, committed 26112K, reserved 1073152K
  class space    used 2706K, capacity 2764K, committed 2816K, reserved 1048576K
Event: 4.803 GC heap after
Heap after GC invocations=44 (full 18):
 PSYoungGen      total 670720K, used 0K [0x00000000d6100000, 0x0000000100000000, 0x0000000100000000)
  eden space 655360K, 0% used [0x00000000d6100000,0x00000000d6100000,0x00000000fe100000)
  from space 15360K, 0% used [0x00000000ff100000,0x00000000ff100000,0x0000000100000000)
  to   space 15872K, 0% used [0x00000000fe100000,0x00000000fe100000,0x00000000ff080000)
 ParOldGen       total 86016K, used 8814K [0x0000000082200000, 0x0000000087600000, 0x00000000d6100000)
  object space 86016K, 10% used [0x0000000082200000,0x0000000082a9b888,0x0000000087600000)
 Metaspace       used 25646K, capacity 25870K, committed 26112K, reserved 1073152K
  class space    used 2706K, capacity 2764K, committed 2816K, reserved 1048576K
}
Event: 4.904 GC heap before
{Heap before GC invocations=45 (full 18):
 PSYoungGen      total 670720K, used 32934K [0x00000000d6100000, 0x0000000100000000, 0x0000000100000000)
  eden space 655360K, 5% used [0x00000000d6100000,0x00000000d8129890,0x00000000fe100000)
  from space 15360K, 0% used [0x00000000ff100000,0x00000000ff100000,0x0000000100000000)
  to   space 15872K, 0% used [0x00000000fe100000,0x00000000fe100000,0x00000000ff080000)
 ParOldGen       total 86016K, used 8814K [0x0000000082200000, 0x0000000087600000, 0x00000000d6100000)
  object space 86016K, 10% used [0x0000000082200000,0x0000000082a9b888,0x0000000087600000)
 Metaspace       used 26818K, capacity 26990K, committed 27264K, reserved 1073152K
  class space    used 2883K, capacity 2924K, committed 2944K, reserved 1048576K
Event: 4.905 GC heap after
Heap after GC invocations=45 (full 18):
 PSYoungGen      total 671232K, used 992K [0x00000000d6100000, 0x0000000100000000, 0x0000000100000000)
  eden space 655360K, 0% used [0x00000000d6100000,0x00000000d6100000,0x00000000fe100000)
  from space 15872K, 6% used [0x00000000fe100000,0x00000000fe1f8000,0x00000000ff080000)
  to   space 15872K, 0% used [0x00000000ff080000,0x00000000ff080000,0x0000000100000000)
 ParOldGen       total 86016K, used 8822K [0x0000000082200000, 0x0000000087600000, 0x00000000d6100000)
  object space 86016K, 10% used [0x0000000082200000,0x0000000082a9d888,0x0000000087600000)
 Metaspace       used 26818K, capacity 26990K, committed 27264K, reserved 1073152K
  class space    used 2883K, capacity 2924K, committed 2944K, reserved 1048576K
}
Event: 4.905 GC heap before
{Heap before GC invocations=46 (full 19):
 PSYoungGen      total 671232K, used 992K [0x00000000d6100000, 0x0000000100000000, 0x0000000100000000)
  eden space 655360K, 0% used [0x00000000d6100000,0x00000000d6100000,0x00000000fe100000)
  from space 15872K, 6% used [0x00000000fe100000,0x00000000fe1f8000,0x00000000ff080000)
  to   space 15872K, 0% used [0x00000000ff080000,0x00000000ff080000,0x0000000100000000)
 ParOldGen       total 86016K, used 8822K [0x0000000082200000, 0x0000000087600000, 0x00000000d6100000)
  object space 86016K, 10% used [0x0000000082200000,0x0000000082a9d888,0x0000000087600000)
 Metaspace       used 26818K, capacity 26990K, committed 27264K, reserved 1073152K
  class space    used 2883K, capacity 2924K, committed 2944K, reserved 1048576K
Event: 4.924 GC heap after
Heap after GC invocations=46 (full 19):
 PSYoungGen      total 671232K, used 0K [0x00000000d6100000, 0x0000000100000000, 0x0000000100000000)
  eden space 655360K, 0% used [0x00000000d6100000,0x00000000d6100000,0x00000000fe100000)
  from space 15872K, 0% used [0x00000000fe100000,0x00000000fe100000,0x00000000ff080000)
  to   space 15872K, 0% used [0x00000000ff080000,0x00000000ff080000,0x0000000100000000)
 ParOldGen       total 86016K, used 8955K [0x0000000082200000, 0x0000000087600000, 0x00000000d6100000)
  object space 86016K, 10% used [0x0000000082200000,0x0000000082abee90,0x0000000087600000)
 Metaspace       used 26818K, capacity 26990K, committed 27264K, reserved 1073152K
  class space    used 2883K, capacity 2924K, committed 2944K, reserved 1048576K
}
Event: 5.025 GC heap before
{Heap before GC invocations=47 (full 19):
 PSYoungGen      total 671232K, used 39487K [0x00000000d6100000, 0x0000000100000000, 0x0000000100000000)
  eden space 655360K, 6% used [0x00000000d6100000,0x00000000d878ff28,0x00000000fe100000)
  from space 15872K, 0% used [0x00000000fe100000,0x00000000fe100000,0x00000000ff080000)
  to   space 15872K, 0% used [0x00000000ff080000,0x00000000ff080000,0x0000000100000000)
 ParOldGen       total 86016K, used 8955K [0x0000000082200000, 0x0000000087600000, 0x00000000d6100000)
  object space 86016K, 10% used [0x0000000082200000,0x0000000082abee90,0x0000000087600000)
 Metaspace       used 26864K, capacity 26990K, committed 27264K, reserved 1073152K
  class space    used 2884K, capacity 2924K, committed 2944K, reserved 1048576K
Event: 5.026 GC heap after
Heap after GC invocations=47 (full 19):
 PSYoungGen      total 671232K, used 224K [0x00000000d6100000, 0x0000000100000000, 0x0000000100000000)
  eden space 655360K, 0% used [0x00000000d6100000,0x00000000d6100000,0x00000000fe100000)
  from space 15872K, 1% used [0x00000000ff080000,0x00000000ff0b8000,0x0000000100000000)
  to   space 15872K, 0% used [0x00000000fe100000,0x00000000fe100000,0x00000000ff080000)
 ParOldGen       total 86016K, used 8955K [0x0000000082200000, 0x0000000087600000, 0x00000000d6100000)
  object space 86016K, 10% used [0x0000000082200000,0x0000000082abee90,0x0000000087600000)
 Metaspace       used 26864K, capacity 26990K, committed 27264K, reserved 1073152K
  class space    used 2884K, capacity 2924K, committed 2944K, reserved 1048576K
}
Event: 5.026 GC heap before
{Heap before GC invocations=48 (full 20):
 PSYoungGen      total 671232K, used 224K [0x00000000d6100000, 0x0000000100000000, 0x0000000100000000)
  eden space 655360K, 0% used [0x00000000d6100000,0x00000000d6100000,0x00000000fe100000)
  from space 15872K, 1% used [0x00000000ff080000,0x00000000ff0b8000,0x0000000100000000)
  to   space 15872K, 0% used [0x00000000fe100000,0x00000000fe100000,0x00000000ff080000)
 ParOldGen       total 86016K, used 8955K [0x0000000082200000, 0x0000000087600000, 0x00000000d6100000)
  object space 86016K, 10% used [0x0000000082200000,0x0000000082abee90,0x0000000087600000)
 Metaspace       used 26864K, capacity 26990K, committed 27264K, reserved 1073152K
  class space    used 2884K, capacity 2924K, committed 2944K, reserved 1048576K
Event: 5.036 GC heap after
Heap after GC invocations=48 (full 20):
 PSYoungGen      total 671232K, used 0K [0x00000000d6100000, 0x0000000100000000, 0x0000000100000000)
  eden space 655360K, 0% used [0x00000000d6100000,0x00000000d6100000,0x00000000fe100000)
  from space 15872K, 0% used [0x00000000ff080000,0x00000000ff080000,0x0000000100000000)
  to   space 15872K, 0% used [0x00000000fe100000,0x00000000fe100000,0x00000000ff080000)
 ParOldGen       total 86016K, used 8278K [0x0000000082200000, 0x0000000087600000, 0x00000000d6100000)
  object space 86016K, 9% used [0x0000000082200000,0x0000000082a15b30,0x0000000087600000)
 Metaspace       used 26864K, capacity 26990K, committed 27264K, reserved 1073152K
  class space    used 2884K, capacity 2924K, committed 2944K, reserved 1048576K
}

