# JRE version: Java(TM) SE Runtime Environment (8.0_25-b18) (build 1.8.0_25-b18)
# Java VM: Java HotSpot(TM) 64-Bit Server VM (25.25-b02 mixed mode windows-amd64 compressed oops)
Heap:
 PSYoungGen      total 446464K, used 242451K [0x00000000d6100000, 0x00000000f6b00000, 0x0000000100000000)
  eden space 405504K, 59% used [0x00000000d6100000,0x00000000e4dc4d60,0x00000000eed00000)
  from space 40960K, 0% used [0x00000000f2200000,0x00000000f2200000,0x00000000f4a00000)
  to   space 54272K, 0% used [0x00000000eed00000,0x00000000eed00000,0x00000000f2200000)
 ParOldGen       total 146432K, used 62869K [0x0000000082200000, 0x000000008b100000, 0x00000000d6100000)
  object space 146432K, 42% used [0x0000000082200000,0x0000000085f65458,0x000000008b100000)
 Metaspace       used 30905K, capacity 31131K, committed 31488K, reserved 1077248K
  class space    used 3661K, capacity 3726K, committed 3840K, reserved 1048576K
GC Heap History (10 events):
Event: 2.579 GC heap before
{Heap before GC invocations=8 (full 1):
 PSYoungGen      total 193536K, used 193517K [0x00000000d6100000, 0x00000000e4e00000, 0x0000000100000000)
  eden space 180736K, 100% used [0x00000000d6100000,0x00000000e1180000,0x00000000e1180000)
  from space 12800K, 99% used [0x00000000e2380000,0x00000000e2ffb778,0x00000000e3000000)
  to   space 18432K, 0% used [0x00000000e1180000,0x00000000e1180000,0x00000000e2380000)
 ParOldGen       total 64000K, used 16743K [0x0000000082200000, 0x0000000086080000, 0x00000000d6100000)
  object space 64000K, 26% used [0x0000000082200000,0x0000000083259dc0,0x0000000086080000)
 Metaspace       used 24883K, capacity 25021K, committed 25472K, reserved 1071104K
  class space    used 3016K, capacity 3081K, committed 3200K, reserved 1048576K
Event: 2.597 GC heap after
Heap after GC invocations=8 (full 1):
 PSYoungGen      total 199168K, used 18412K [0x00000000d6100000, 0x00000000ebb00000, 0x0000000100000000)
  eden space 180736K, 0% used [0x00000000d6100000,0x00000000d6100000,0x00000000e1180000)
  from space 18432K, 99% used [0x00000000e1180000,0x00000000e237b328,0x00000000e2380000)
  to   space 26624K, 0% used [0x00000000ea100000,0x00000000ea100000,0x00000000ebb00000)
 ParOldGen       total 64000K, used 25487K [0x0000000082200000, 0x0000000086080000, 0x00000000d6100000)
  object space 64000K, 39% used [0x0000000082200000,0x0000000083ae3dd0,0x0000000086080000)
 Metaspace       used 24883K, capacity 25021K, committed 25472K, reserved 1071104K
  class space    used 3016K, capacity 3081K, committed 3200K, reserved 1048576K
}
Event: 2.907 GC heap before
{Heap before GC invocations=9 (full 1):
 PSYoungGen      total 199168K, used 199148K [0x00000000d6100000, 0x00000000ebb00000, 0x0000000100000000)
  eden space 180736K, 100% used [0x00000000d6100000,0x00000000e1180000,0x00000000e1180000)
  from space 18432K, 99% used [0x00000000e1180000,0x00000000e237b328,0x00000000e2380000)
  to   space 26624K, 0% used [0x00000000ea100000,0x00000000ea100000,0x00000000ebb00000)
 ParOldGen       total 64000K, used 25487K [0x0000000082200000, 0x0000000086080000, 0x00000000d6100000)
  object space 64000K, 39% used [0x0000000082200000,0x0000000083ae3dd0,0x0000000086080000)
 Metaspace       used 26029K, capacity 26147K, committed 26496K, reserved 1073152K
  class space    used 3122K, capacity 3178K, committed 3200K, reserved 1048576K
Event: 2.925 GC heap after
Heap after GC invocations=9 (full 1):
 PSYoungGen      total 323584K, used 25240K [0x00000000d6100000, 0x00000000ec880000, 0x0000000100000000)
  eden space 296960K, 0% used [0x00000000d6100000,0x00000000d6100000,0x00000000e8300000)
  from space 26624K, 94% used [0x00000000ea100000,0x00000000eb9a6250,0x00000000ebb00000)
  to   space 30720K, 0% used [0x00000000e8300000,0x00000000e8300000,0x00000000ea100000)
 ParOldGen       total 64000K, used 25495K [0x0000000082200000, 0x0000000086080000, 0x00000000d6100000)
  object space 64000K, 39% used [0x0000000082200000,0x0000000083ae5dd0,0x0000000086080000)
 Metaspace       used 26029K, capacity 26147K, committed 26496K, reserved 1073152K
  class space    used 3122K, capacity 3178K, committed 3200K, reserved 1048576K
}
Event: 3.486 GC heap before
{Heap before GC invocations=10 (full 1):
 PSYoungGen      total 323584K, used 322200K [0x00000000d6100000, 0x00000000ec880000, 0x0000000100000000)
  eden space 296960K, 100% used [0x00000000d6100000,0x00000000e8300000,0x00000000e8300000)
  from space 26624K, 94% used [0x00000000ea100000,0x00000000eb9a6250,0x00000000ebb00000)
  to   space 30720K, 0% used [0x00000000e8300000,0x00000000e8300000,0x00000000ea100000)
 ParOldGen       total 64000K, used 25495K [0x0000000082200000, 0x0000000086080000, 0x00000000d6100000)
  object space 64000K, 39% used [0x0000000082200000,0x0000000083ae5dd0,0x0000000086080000)
 Metaspace       used 26050K, capacity 26211K, committed 26496K, reserved 1073152K
  class space    used 3124K, capacity 3178K, committed 3200K, reserved 1048576K
Event: 3.503 GC heap after
Heap after GC invocations=10 (full 1):
 PSYoungGen      total 327680K, used 30712K [0x00000000d6100000, 0x00000000f4a00000, 0x0000000100000000)
  eden space 296960K, 0% used [0x00000000d6100000,0x00000000d6100000,0x00000000e8300000)
  from space 30720K, 99% used [0x00000000e8300000,0x00000000ea0fe008,0x00000000ea100000)
  to   space 40960K, 0% used [0x00000000f2200000,0x00000000f2200000,0x00000000f4a00000)
 ParOldGen       total 64000K, used 37504K [0x0000000082200000, 0x0000000086080000, 0x00000000d6100000)
  object space 64000K, 58% used [0x0000000082200000,0x00000000846a01d0,0x0000000086080000)
 Metaspace       used 26050K, capacity 26211K, committed 26496K, reserved 1073152K
  class space    used 3124K, capacity 3178K, committed 3200K, reserved 1048576K
}
Event: 4.272 GC heap before
{Heap before GC invocations=11 (full 1):
 PSYoungGen      total 327680K, used 327672K [0x00000000d6100000, 0x00000000f4a00000, 0x0000000100000000)
  eden space 296960K, 100% used [0x00000000d6100000,0x00000000e8300000,0x00000000e8300000)
  from space 30720K, 99% used [0x00000000e8300000,0x00000000ea0fe008,0x00000000ea100000)
  to   space 40960K, 0% used [0x00000000f2200000,0x00000000f2200000,0x00000000f4a00000)
 ParOldGen       total 64000K, used 37504K [0x0000000082200000, 0x0000000086080000, 0x00000000d6100000)
  object space 64000K, 58% used [0x0000000082200000,0x00000000846a01d0,0x0000000086080000)
 Metaspace       used 28383K, capacity 28507K, committed 28800K, reserved 1075200K
  class space    used 3369K, capacity 3406K, committed 3456K, reserved 1048576K
Event: 4.328 GC heap after
Heap after GC invocations=11 (full 1):
 PSYoungGen      total 446464K, used 40935K [0x00000000d6100000, 0x00000000f6b00000, 0x0000000100000000)
  eden space 405504K, 0% used [0x00000000d6100000,0x00000000d6100000,0x00000000eed00000)
  from space 40960K, 99% used [0x00000000f2200000,0x00000000f49f9fd8,0x00000000f4a00000)
  to   space 54272K, 0% used [0x00000000eed00000,0x00000000eed00000,0x00000000f2200000)
 ParOldGen       total 64000K, used 55880K [0x0000000082200000, 0x0000000086080000, 0x00000000d6100000)
  object space 64000K, 87% used [0x0000000082200000,0x0000000085892080,0x0000000086080000)
 Metaspace       used 28383K, capacity 28507K, committed 28800K, reserved 1075200K
  class space    used 3369K, capacity 3406K, committed 3456K, reserved 1048576K
}
Event: 4.328 GC heap before
{Heap before GC invocations=12 (full 2):
 PSYoungGen      total 446464K, used 40935K [0x00000000d6100000, 0x00000000f6b00000, 0x0000000100000000)
  eden space 405504K, 0% used [0x00000000d6100000,0x00000000d6100000,0x00000000eed00000)
  from space 40960K, 99% used [0x00000000f2200000,0x00000000f49f9fd8,0x00000000f4a00000)
  to   space 54272K, 0% used [0x00000000eed00000,0x00000000eed00000,0x00000000f2200000)
 ParOldGen       total 64000K, used 55880K [0x0000000082200000, 0x0000000086080000, 0x00000000d6100000)
  object space 64000K, 87% used [0x0000000082200000,0x0000000085892080,0x0000000086080000)
 Metaspace       used 28383K, capacity 28507K, committed 28800K, reserved 1075200K
  class space    used 3369K, capacity 3406K, committed 3456K, reserved 1048576K
Event: 4.389 GC heap after
Heap after GC invocations=12 (full 2):
 PSYoungGen      total 446464K, used 0K [0x00000000d6100000, 0x00000000f6b00000, 0x0000000100000000)
  eden space 405504K, 0% used [0x00000000d6100000,0x00000000d6100000,0x00000000eed00000)
  from space 40960K, 0% used [0x00000000f2200000,0x00000000f2200000,0x00000000f4a00000)
  to   space 54272K, 0% used [0x00000000eed00000,0x00000000eed00000,0x00000000f2200000)
 ParOldGen       total 146432K, used 62869K [0x0000000082200000, 0x000000008b100000, 0x00000000d6100000)
  object space 146432K, 42% used [0x0000000082200000,0x0000000085f65458,0x000000008b100000)
 Metaspace       used 28383K, capacity 28507K, committed 28800K, reserved 1075200K
  class space    used 3369K, capacity 3406K, committed 3456K, reserved 1048576K
}

