# JRE version: Java(TM) SE Runtime Environment (8.0_25-b18) (build 1.8.0_25-b18)
# Java VM: Java HotSpot(TM) 64-Bit Server VM (25.25-b02 mixed mode windows-amd64 compressed oops)
Heap:
 PSYoungGen      total 353280K, used 334658K [0x00000000d6100000, 0x00000000ee900000, 0x0000000100000000)
  eden space 320512K, 94% used [0x00000000d6100000,0x00000000e87fb998,0x00000000e9a00000)
  from space 32768K, 99% used [0x00000000ebf80000,0x00000000edf55028,0x00000000edf80000)
  to   space 38400K, 0% used [0x00000000e9a00000,0x00000000e9a00000,0x00000000ebf80000)
 ParOldGen       total 57344K, used 27651K [0x0000000082200000, 0x0000000085a00000, 0x00000000d6100000)
  object space 57344K, 48% used [0x0000000082200000,0x0000000083d00d18,0x0000000085a00000)
 Metaspace       used 30737K, capacity 30939K, committed 31232K, reserved 1077248K
  class space    used 3651K, capacity 3726K, committed 3840K, reserved 1048576K
GC Heap History (10 events):
Event: 2.091 GC heap before
{Heap before GC invocations=9 (full 1):
 PSYoungGen      total 134144K, used 134133K [0x00000000d6100000, 0x00000000e1e80000, 0x0000000100000000)
  eden space 122368K, 100% used [0x00000000d6100000,0x00000000dd880000,0x00000000dd880000)
  from space 11776K, 99% used [0x00000000dd880000,0x00000000de3fd420,0x00000000de400000)
  to   space 13824K, 0% used [0x00000000e1100000,0x00000000e1100000,0x00000000e1e80000)
 ParOldGen       total 57344K, used 7043K [0x0000000082200000, 0x0000000085a00000, 0x00000000d6100000)
  object space 57344K, 12% used [0x0000000082200000,0x00000000828e0c68,0x0000000085a00000)
 Metaspace       used 24819K, capacity 24957K, committed 25216K, reserved 1071104K
  class space    used 3013K, capacity 3081K, committed 3200K, reserved 1048576K
Event: 2.099 GC heap after
Heap after GC invocations=9 (full 1):
 PSYoungGen      total 176128K, used 13823K [0x00000000d6100000, 0x00000000e4900000, 0x0000000100000000)
  eden space 162304K, 0% used [0x00000000d6100000,0x00000000d6100000,0x00000000dff80000)
  from space 13824K, 99% used [0x00000000e1100000,0x00000000e1e7ff18,0x00000000e1e80000)
  to   space 17920K, 0% used [0x00000000dff80000,0x00000000dff80000,0x00000000e1100000)
 ParOldGen       total 57344K, used 11218K [0x0000000082200000, 0x0000000085a00000, 0x00000000d6100000)
  object space 57344K, 19% used [0x0000000082200000,0x0000000082cf4978,0x0000000085a00000)
 Metaspace       used 24819K, capacity 24957K, committed 25216K, reserved 1071104K
  class space    used 3013K, capacity 3081K, committed 3200K, reserved 1048576K
}
Event: 2.311 GC heap before
{Heap before GC invocations=10 (full 1):
 PSYoungGen      total 176128K, used 176127K [0x00000000d6100000, 0x00000000e4900000, 0x0000000100000000)
  eden space 162304K, 100% used [0x00000000d6100000,0x00000000dff80000,0x00000000dff80000)
  from space 13824K, 99% used [0x00000000e1100000,0x00000000e1e7ff18,0x00000000e1e80000)
  to   space 17920K, 0% used [0x00000000dff80000,0x00000000dff80000,0x00000000e1100000)
 ParOldGen       total 57344K, used 11218K [0x0000000082200000, 0x0000000085a00000, 0x00000000d6100000)
  object space 57344K, 19% used [0x0000000082200000,0x0000000082cf4978,0x0000000085a00000)
 Metaspace       used 24820K, capacity 24957K, committed 25216K, reserved 1071104K
  class space    used 3013K, capacity 3081K, committed 3200K, reserved 1048576K
Event: 2.322 GC heap after
Heap after GC invocations=10 (full 1):
 PSYoungGen      total 180224K, used 17897K [0x00000000d6100000, 0x00000000e7000000, 0x0000000100000000)
  eden space 162304K, 0% used [0x00000000d6100000,0x00000000d6100000,0x00000000dff80000)
  from space 17920K, 99% used [0x00000000dff80000,0x00000000e10fa778,0x00000000e1100000)
  to   space 24064K, 0% used [0x00000000e5880000,0x00000000e5880000,0x00000000e7000000)
 ParOldGen       total 57344K, used 18248K [0x0000000082200000, 0x0000000085a00000, 0x00000000d6100000)
  object space 57344K, 31% used [0x0000000082200000,0x00000000833d2108,0x0000000085a00000)
 Metaspace       used 24820K, capacity 24957K, committed 25216K, reserved 1071104K
  class space    used 3013K, capacity 3081K, committed 3200K, reserved 1048576K
}
Event: 2.603 GC heap before
{Heap before GC invocations=11 (full 1):
 PSYoungGen      total 180224K, used 180201K [0x00000000d6100000, 0x00000000e7000000, 0x0000000100000000)
  eden space 162304K, 100% used [0x00000000d6100000,0x00000000dff80000,0x00000000dff80000)
  from space 17920K, 99% used [0x00000000dff80000,0x00000000e10fa778,0x00000000e1100000)
  to   space 24064K, 0% used [0x00000000e5880000,0x00000000e5880000,0x00000000e7000000)
 ParOldGen       total 57344K, used 18248K [0x0000000082200000, 0x0000000085a00000, 0x00000000d6100000)
  object space 57344K, 31% used [0x0000000082200000,0x00000000833d2108,0x0000000085a00000)
 Metaspace       used 25947K, capacity 26083K, committed 26240K, reserved 1073152K
  class space    used 3119K, capacity 3178K, committed 3200K, reserved 1048576K
Event: 2.621 GC heap after
Heap after GC invocations=11 (full 1):
 PSYoungGen      total 250880K, used 21279K [0x00000000d6100000, 0x00000000e7880000, 0x0000000100000000)
  eden space 226816K, 0% used [0x00000000d6100000,0x00000000d6100000,0x00000000e3e80000)
  from space 24064K, 88% used [0x00000000e5880000,0x00000000e6d47fb8,0x00000000e7000000)
  to   space 26624K, 0% used [0x00000000e3e80000,0x00000000e3e80000,0x00000000e5880000)
 ParOldGen       total 57344K, used 19656K [0x0000000082200000, 0x0000000085a00000, 0x00000000d6100000)
  object space 57344K, 34% used [0x0000000082200000,0x0000000083532108,0x0000000085a00000)
 Metaspace       used 25947K, capacity 26083K, committed 26240K, reserved 1073152K
  class space    used 3119K, capacity 3178K, committed 3200K, reserved 1048576K
}
Event: 2.993 GC heap before
{Heap before GC invocations=12 (full 1):
 PSYoungGen      total 250880K, used 248095K [0x00000000d6100000, 0x00000000e7880000, 0x0000000100000000)
  eden space 226816K, 100% used [0x00000000d6100000,0x00000000e3e80000,0x00000000e3e80000)
  from space 24064K, 88% used [0x00000000e5880000,0x00000000e6d47fb8,0x00000000e7000000)
  to   space 26624K, 0% used [0x00000000e3e80000,0x00000000e3e80000,0x00000000e5880000)
 ParOldGen       total 57344K, used 19656K [0x0000000082200000, 0x0000000085a00000, 0x00000000d6100000)
  object space 57344K, 34% used [0x0000000082200000,0x0000000083532108,0x0000000085a00000)
 Metaspace       used 25969K, capacity 26083K, committed 26240K, reserved 1073152K
  class space    used 3121K, capacity 3178K, committed 3200K, reserved 1048576K
Event: 3.010 GC heap after
Heap after GC invocations=12 (full 1):
 PSYoungGen      total 253440K, used 26616K [0x00000000d6100000, 0x00000000edf80000, 0x0000000100000000)
  eden space 226816K, 0% used [0x00000000d6100000,0x00000000d6100000,0x00000000e3e80000)
  from space 26624K, 99% used [0x00000000e3e80000,0x00000000e587e2f8,0x00000000e5880000)
  to   space 32768K, 0% used [0x00000000ebf80000,0x00000000ebf80000,0x00000000edf80000)
 ParOldGen       total 57344K, used 24735K [0x0000000082200000, 0x0000000085a00000, 0x00000000d6100000)
  object space 57344K, 43% used [0x0000000082200000,0x0000000083a27fb0,0x0000000085a00000)
 Metaspace       used 25969K, capacity 26083K, committed 26240K, reserved 1073152K
  class space    used 3121K, capacity 3178K, committed 3200K, reserved 1048576K
}
Event: 3.481 GC heap before
{Heap before GC invocations=13 (full 1):
 PSYoungGen      total 253440K, used 253432K [0x00000000d6100000, 0x00000000edf80000, 0x0000000100000000)
  eden space 226816K, 100% used [0x00000000d6100000,0x00000000e3e80000,0x00000000e3e80000)
  from space 26624K, 99% used [0x00000000e3e80000,0x00000000e587e2f8,0x00000000e5880000)
  to   space 32768K, 0% used [0x00000000ebf80000,0x00000000ebf80000,0x00000000edf80000)
 ParOldGen       total 57344K, used 24735K [0x0000000082200000, 0x0000000085a00000, 0x00000000d6100000)
  object space 57344K, 43% used [0x0000000082200000,0x0000000083a27fb0,0x0000000085a00000)
 Metaspace       used 27361K, capacity 27535K, committed 27776K, reserved 1073152K
  class space    used 3276K, capacity 3340K, committed 3456K, reserved 1048576K
Event: 3.497 GC heap after
Heap after GC invocations=13 (full 1):
 PSYoungGen      total 353280K, used 32596K [0x00000000d6100000, 0x00000000ee900000, 0x0000000100000000)
  eden space 320512K, 0% used [0x00000000d6100000,0x00000000d6100000,0x00000000e9a00000)
  from space 32768K, 99% used [0x00000000ebf80000,0x00000000edf55028,0x00000000edf80000)
  to   space 38400K, 0% used [0x00000000e9a00000,0x00000000e9a00000,0x00000000ebf80000)
 ParOldGen       total 57344K, used 27651K [0x0000000082200000, 0x0000000085a00000, 0x00000000d6100000)
  object space 57344K, 48% used [0x0000000082200000,0x0000000083d00d18,0x0000000085a00000)
 Metaspace       used 27361K, capacity 27535K, committed 27776K, reserved 1073152K
  class space    used 3276K, capacity 3340K, committed 3456K, reserved 1048576K
}

