# JRE version: Java(TM) SE Runtime Environment (8.0_25-b18) (build 1.8.0_25-b18)
# Java VM: Java HotSpot(TM) 64-Bit Server VM (25.25-b02 mixed mode windows-amd64 compressed oops)
Heap:
 PSYoungGen      total 508928K, used 16130K [0x00000000d6100000, 0x00000000f6500000, 0x0000000100000000)
  eden space 490496K, 3% used [0x00000000d6100000,0x00000000d70c08f8,0x00000000f4000000)
  from space 18432K, 0% used [0x00000000f4000000,0x00000000f4000000,0x00000000f5200000)
  to   space 18944K, 0% used [0x00000000f5280000,0x00000000f5280000,0x00000000f6500000)
 ParOldGen       total 86016K, used 8287K [0x0000000082200000, 0x0000000087600000, 0x00000000d6100000)
  object space 86016K, 9% used [0x0000000082200000,0x0000000082a17cc0,0x0000000087600000)
 Metaspace       used 26806K, capacity 26974K, committed 27264K, reserved 1073152K
  class space    used 2883K, capacity 2924K, committed 2944K, reserved 1048576K
GC Heap History (10 events):
Event: 5.526 GC heap before
{Heap before GC invocations=43 (full 18):
 PSYoungGen      total 507904K, used 13110K [0x00000000d6100000, 0x00000000f6400000, 0x0000000100000000)
  eden space 490496K, 0% used [0x00000000d6100000,0x00000000d6100000,0x00000000f4000000)
  from space 17408K, 75% used [0x00000000f4000000,0x00000000f4ccd9d8,0x00000000f5100000)
  to   space 18432K, 0% used [0x00000000f5200000,0x00000000f5200000,0x00000000f6400000)
 ParOldGen       total 86016K, used 13927K [0x0000000082200000, 0x0000000087600000, 0x00000000d6100000)
  object space 86016K, 16% used [0x0000000082200000,0x0000000082f99f90,0x0000000087600000)
 Metaspace       used 25581K, capacity 25726K, committed 26112K, reserved 1073152K
  class space    used 2704K, capacity 2764K, committed 2816K, reserved 1048576K
Event: 5.551 GC heap after
Heap after GC invocations=43 (full 18):
 PSYoungGen      total 507904K, used 0K [0x00000000d6100000, 0x00000000f6400000, 0x0000000100000000)
  eden space 490496K, 0% used [0x00000000d6100000,0x00000000d6100000,0x00000000f4000000)
  from space 17408K, 0% used [0x00000000f4000000,0x00000000f4000000,0x00000000f5100000)
  to   space 18432K, 0% used [0x00000000f5200000,0x00000000f5200000,0x00000000f6400000)
 ParOldGen       total 86016K, used 14829K [0x0000000082200000, 0x0000000087600000, 0x00000000d6100000)
  object space 86016K, 17% used [0x0000000082200000,0x000000008307b650,0x0000000087600000)
 Metaspace       used 25581K, capacity 25726K, committed 26112K, reserved 1073152K
  class space    used 2704K, capacity 2764K, committed 2816K, reserved 1048576K
}
Event: 5.651 GC heap before
{Heap before GC invocations=44 (full 18):
 PSYoungGen      total 507904K, used 44117K [0x00000000d6100000, 0x00000000f6400000, 0x0000000100000000)
  eden space 490496K, 8% used [0x00000000d6100000,0x00000000d8c156d0,0x00000000f4000000)
  from space 17408K, 0% used [0x00000000f4000000,0x00000000f4000000,0x00000000f5100000)
  to   space 18432K, 0% used [0x00000000f5200000,0x00000000f5200000,0x00000000f6400000)
 ParOldGen       total 86016K, used 14829K [0x0000000082200000, 0x0000000087600000, 0x00000000d6100000)
  object space 86016K, 17% used [0x0000000082200000,0x000000008307b650,0x0000000087600000)
 Metaspace       used 26755K, capacity 26910K, committed 27264K, reserved 1073152K
  class space    used 2882K, capacity 2924K, committed 2944K, reserved 1048576K
Event: 5.652 GC heap after
Heap after GC invocations=44 (full 18):
 PSYoungGen      total 508928K, used 1056K [0x00000000d6100000, 0x00000000f6400000, 0x0000000100000000)
  eden space 490496K, 0% used [0x00000000d6100000,0x00000000d6100000,0x00000000f4000000)
  from space 18432K, 5% used [0x00000000f5200000,0x00000000f5308000,0x00000000f6400000)
  to   space 18432K, 0% used [0x00000000f4000000,0x00000000f4000000,0x00000000f5200000)
 ParOldGen       total 86016K, used 14837K [0x0000000082200000, 0x0000000087600000, 0x00000000d6100000)
  object space 86016K, 17% used [0x0000000082200000,0x000000008307d650,0x0000000087600000)
 Metaspace       used 26755K, capacity 26910K, committed 27264K, reserved 1073152K
  class space    used 2882K, capacity 2924K, committed 2944K, reserved 1048576K
}
Event: 5.652 GC heap before
{Heap before GC invocations=45 (full 19):
 PSYoungGen      total 508928K, used 1056K [0x00000000d6100000, 0x00000000f6400000, 0x0000000100000000)
  eden space 490496K, 0% used [0x00000000d6100000,0x00000000d6100000,0x00000000f4000000)
  from space 18432K, 5% used [0x00000000f5200000,0x00000000f5308000,0x00000000f6400000)
  to   space 18432K, 0% used [0x00000000f4000000,0x00000000f4000000,0x00000000f5200000)
 ParOldGen       total 86016K, used 14837K [0x0000000082200000, 0x0000000087600000, 0x00000000d6100000)
  object space 86016K, 17% used [0x0000000082200000,0x000000008307d650,0x0000000087600000)
 Metaspace       used 26755K, capacity 26910K, committed 27264K, reserved 1073152K
  class space    used 2882K, capacity 2924K, committed 2944K, reserved 1048576K
Event: 5.675 GC heap after
Heap after GC invocations=45 (full 19):
 PSYoungGen      total 508928K, used 0K [0x00000000d6100000, 0x00000000f6400000, 0x0000000100000000)
  eden space 490496K, 0% used [0x00000000d6100000,0x00000000d6100000,0x00000000f4000000)
  from space 18432K, 0% used [0x00000000f5200000,0x00000000f5200000,0x00000000f6400000)
  to   space 18432K, 0% used [0x00000000f4000000,0x00000000f4000000,0x00000000f5200000)
 ParOldGen       total 86016K, used 8968K [0x0000000082200000, 0x0000000087600000, 0x00000000d6100000)
  object space 86016K, 10% used [0x0000000082200000,0x0000000082ac2380,0x0000000087600000)
 Metaspace       used 26755K, capacity 26910K, committed 27264K, reserved 1073152K
  class space    used 2882K, capacity 2924K, committed 2944K, reserved 1048576K
}
Event: 5.775 GC heap before
{Heap before GC invocations=46 (full 19):
 PSYoungGen      total 508928K, used 36161K [0x00000000d6100000, 0x00000000f6400000, 0x0000000100000000)
  eden space 490496K, 7% used [0x00000000d6100000,0x00000000d84507b0,0x00000000f4000000)
  from space 18432K, 0% used [0x00000000f5200000,0x00000000f5200000,0x00000000f6400000)
  to   space 18432K, 0% used [0x00000000f4000000,0x00000000f4000000,0x00000000f5200000)
 ParOldGen       total 86016K, used 8968K [0x0000000082200000, 0x0000000087600000, 0x00000000d6100000)
  object space 86016K, 10% used [0x0000000082200000,0x0000000082ac2380,0x0000000087600000)
 Metaspace       used 26802K, capacity 26974K, committed 27264K, reserved 1073152K
  class space    used 2883K, capacity 2924K, committed 2944K, reserved 1048576K
Event: 5.776 GC heap after
Heap after GC invocations=46 (full 19):
 PSYoungGen      total 508928K, used 224K [0x00000000d6100000, 0x00000000f6500000, 0x0000000100000000)
  eden space 490496K, 0% used [0x00000000d6100000,0x00000000d6100000,0x00000000f4000000)
  from space 18432K, 1% used [0x00000000f4000000,0x00000000f4038000,0x00000000f5200000)
  to   space 18944K, 0% used [0x00000000f5280000,0x00000000f5280000,0x00000000f6500000)
 ParOldGen       total 86016K, used 8968K [0x0000000082200000, 0x0000000087600000, 0x00000000d6100000)
  object space 86016K, 10% used [0x0000000082200000,0x0000000082ac2380,0x0000000087600000)
 Metaspace       used 26802K, capacity 26974K, committed 27264K, reserved 1073152K
  class space    used 2883K, capacity 2924K, committed 2944K, reserved 1048576K
}
Event: 5.776 GC heap before
{Heap before GC invocations=47 (full 20):
 PSYoungGen      total 508928K, used 224K [0x00000000d6100000, 0x00000000f6500000, 0x0000000100000000)
  eden space 490496K, 0% used [0x00000000d6100000,0x00000000d6100000,0x00000000f4000000)
  from space 18432K, 1% used [0x00000000f4000000,0x00000000f4038000,0x00000000f5200000)
  to   space 18944K, 0% used [0x00000000f5280000,0x00000000f5280000,0x00000000f6500000)
 ParOldGen       total 86016K, used 8968K [0x0000000082200000, 0x0000000087600000, 0x00000000d6100000)
  object space 86016K, 10% used [0x0000000082200000,0x0000000082ac2380,0x0000000087600000)
 Metaspace       used 26802K, capacity 26974K, committed 27264K, reserved 1073152K
  class space    used 2883K, capacity 2924K, committed 2944K, reserved 1048576K
Event: 5.786 GC heap after
Heap after GC invocations=47 (full 20):
 PSYoungGen      total 508928K, used 0K [0x00000000d6100000, 0x00000000f6500000, 0x0000000100000000)
  eden space 490496K, 0% used [0x00000000d6100000,0x00000000d6100000,0x00000000f4000000)
  from space 18432K, 0% used [0x00000000f4000000,0x00000000f4000000,0x00000000f5200000)
  to   space 18944K, 0% used [0x00000000f5280000,0x00000000f5280000,0x00000000f6500000)
 ParOldGen       total 86016K, used 8287K [0x0000000082200000, 0x0000000087600000, 0x00000000d6100000)
  object space 86016K, 9% used [0x0000000082200000,0x0000000082a17cc0,0x0000000087600000)
 Metaspace       used 26802K, capacity 26974K, committed 27264K, reserved 1073152K
  class space    used 2883K, capacity 2924K, committed 2944K, reserved 1048576K
}

