# JRE version: Java(TM) SE Runtime Environment (8.0_25-b18) (build 1.8.0_25-b18)
# Java VM: Java HotSpot(TM) 64-Bit Server VM (25.25-b02 mixed mode windows-amd64 compressed oops)
Heap:
 PSYoungGen      total 308736K, used 117708K [0x00000000d6100000, 0x00000000f2b00000, 0x0000000100000000)
  eden space 274432K, 30% used [0x00000000d6100000,0x00000000db273d28,0x00000000e6d00000)
  from space 34304K, 99% used [0x00000000e6d00000,0x00000000e8e7f3b0,0x00000000e8e80000)
  to   space 40960K, 0% used [0x00000000f0300000,0x00000000f0300000,0x00000000f2b00000)
 ParOldGen       total 57344K, used 31128K [0x0000000082200000, 0x0000000085a00000, 0x00000000d6100000)
  object space 57344K, 54% used [0x0000000082200000,0x0000000084066010,0x0000000085a00000)
 Metaspace       used 30738K, capacity 30943K, committed 31232K, reserved 1077248K
  class space    used 3652K, capacity 3726K, committed 3840K, reserved 1048576K
GC Heap History (10 events):
Event: 2.432 GC heap before
{Heap before GC invocations=10 (full 1):
 PSYoungGen      total 158208K, used 158193K [0x00000000d6100000, 0x00000000e4380000, 0x0000000100000000)
  eden space 146432K, 100% used [0x00000000d6100000,0x00000000df000000,0x00000000df000000)
  from space 11776K, 99% used [0x00000000e0080000,0x00000000e0bfc680,0x00000000e0c00000)
  to   space 16896K, 0% used [0x00000000df000000,0x00000000df000000,0x00000000e0080000)
 ParOldGen       total 57344K, used 15437K [0x0000000082200000, 0x0000000085a00000, 0x00000000d6100000)
  object space 57344K, 26% used [0x0000000082200000,0x00000000831136d8,0x0000000085a00000)
 Metaspace       used 24827K, capacity 24961K, committed 25216K, reserved 1071104K
  class space    used 3014K, capacity 3081K, committed 3200K, reserved 1048576K
Event: 2.441 GC heap after
Heap after GC invocations=10 (full 1):
 PSYoungGen      total 163328K, used 16873K [0x00000000d6100000, 0x00000000e5100000, 0x0000000100000000)
  eden space 146432K, 0% used [0x00000000d6100000,0x00000000d6100000,0x00000000df000000)
  from space 16896K, 99% used [0x00000000df000000,0x00000000e007a658,0x00000000e0080000)
  to   space 22016K, 0% used [0x00000000e3b80000,0x00000000e3b80000,0x00000000e5100000)
 ParOldGen       total 57344K, used 21147K [0x0000000082200000, 0x0000000085a00000, 0x00000000d6100000)
  object space 57344K, 36% used [0x0000000082200000,0x00000000836a6f08,0x0000000085a00000)
 Metaspace       used 24827K, capacity 24961K, committed 25216K, reserved 1071104K
  class space    used 3014K, capacity 3081K, committed 3200K, reserved 1048576K
}
Event: 2.707 GC heap before
{Heap before GC invocations=11 (full 1):
 PSYoungGen      total 163328K, used 163305K [0x00000000d6100000, 0x00000000e5100000, 0x0000000100000000)
  eden space 146432K, 100% used [0x00000000d6100000,0x00000000df000000,0x00000000df000000)
  from space 16896K, 99% used [0x00000000df000000,0x00000000e007a658,0x00000000e0080000)
  to   space 22016K, 0% used [0x00000000e3b80000,0x00000000e3b80000,0x00000000e5100000)
 ParOldGen       total 57344K, used 21147K [0x0000000082200000, 0x0000000085a00000, 0x00000000d6100000)
  object space 57344K, 36% used [0x0000000082200000,0x00000000836a6f08,0x0000000085a00000)
 Metaspace       used 25950K, capacity 26087K, committed 26240K, reserved 1073152K
  class space    used 3121K, capacity 3178K, committed 3200K, reserved 1048576K
Event: 2.716 GC heap after
Heap after GC invocations=11 (full 1):
 PSYoungGen      total 221184K, used 19452K [0x00000000d6100000, 0x00000000e5700000, 0x0000000100000000)
  eden space 199168K, 0% used [0x00000000d6100000,0x00000000d6100000,0x00000000e2380000)
  from space 22016K, 88% used [0x00000000e3b80000,0x00000000e4e7f150,0x00000000e5100000)
  to   space 24576K, 0% used [0x00000000e2380000,0x00000000e2380000,0x00000000e3b80000)
 ParOldGen       total 57344K, used 22019K [0x0000000082200000, 0x0000000085a00000, 0x00000000d6100000)
  object space 57344K, 38% used [0x0000000082200000,0x0000000083780f08,0x0000000085a00000)
 Metaspace       used 25950K, capacity 26087K, committed 26240K, reserved 1073152K
  class space    used 3121K, capacity 3178K, committed 3200K, reserved 1048576K
}
Event: 3.002 GC heap before
{Heap before GC invocations=12 (full 1):
 PSYoungGen      total 221184K, used 218620K [0x00000000d6100000, 0x00000000e5700000, 0x0000000100000000)
  eden space 199168K, 100% used [0x00000000d6100000,0x00000000e2380000,0x00000000e2380000)
  from space 22016K, 88% used [0x00000000e3b80000,0x00000000e4e7f150,0x00000000e5100000)
  to   space 24576K, 0% used [0x00000000e2380000,0x00000000e2380000,0x00000000e3b80000)
 ParOldGen       total 57344K, used 22019K [0x0000000082200000, 0x0000000085a00000, 0x00000000d6100000)
  object space 57344K, 38% used [0x0000000082200000,0x0000000083780f08,0x0000000085a00000)
 Metaspace       used 25974K, capacity 26151K, committed 26496K, reserved 1073152K
  class space    used 3122K, capacity 3178K, committed 3200K, reserved 1048576K
Event: 3.015 GC heap after
Heap after GC invocations=12 (full 1):
 PSYoungGen      total 223744K, used 24554K [0x00000000d6100000, 0x00000000eab80000, 0x0000000100000000)
  eden space 199168K, 0% used [0x00000000d6100000,0x00000000d6100000,0x00000000e2380000)
  from space 24576K, 99% used [0x00000000e2380000,0x00000000e3b7a998,0x00000000e3b80000)
  to   space 29696K, 0% used [0x00000000e8e80000,0x00000000e8e80000,0x00000000eab80000)
 ParOldGen       total 57344K, used 25592K [0x0000000082200000, 0x0000000085a00000, 0x00000000d6100000)
  object space 57344K, 44% used [0x0000000082200000,0x0000000083afe160,0x0000000085a00000)
 Metaspace       used 25974K, capacity 26151K, committed 26496K, reserved 1073152K
  class space    used 3122K, capacity 3178K, committed 3200K, reserved 1048576K
}
Event: 3.425 GC heap before
{Heap before GC invocations=13 (full 1):
 PSYoungGen      total 223744K, used 223722K [0x00000000d6100000, 0x00000000eab80000, 0x0000000100000000)
  eden space 199168K, 100% used [0x00000000d6100000,0x00000000e2380000,0x00000000e2380000)
  from space 24576K, 99% used [0x00000000e2380000,0x00000000e3b7a998,0x00000000e3b80000)
  to   space 29696K, 0% used [0x00000000e8e80000,0x00000000e8e80000,0x00000000eab80000)
 ParOldGen       total 57344K, used 25592K [0x0000000082200000, 0x0000000085a00000, 0x00000000d6100000)
  object space 57344K, 44% used [0x0000000082200000,0x0000000083afe160,0x0000000085a00000)
 Metaspace       used 26420K, capacity 26567K, committed 26880K, reserved 1073152K
  class space    used 3171K, capacity 3210K, committed 3328K, reserved 1048576K
Event: 3.436 GC heap after
Heap after GC invocations=13 (full 1):
 PSYoungGen      total 304128K, used 29316K [0x00000000d6100000, 0x00000000eb300000, 0x0000000100000000)
  eden space 274432K, 0% used [0x00000000d6100000,0x00000000d6100000,0x00000000e6d00000)
  from space 29696K, 98% used [0x00000000e8e80000,0x00000000eab21080,0x00000000eab80000)
  to   space 34304K, 0% used [0x00000000e6d00000,0x00000000e6d00000,0x00000000e8e80000)
 ParOldGen       total 57344K, used 28912K [0x0000000082200000, 0x0000000085a00000, 0x00000000d6100000)
  object space 57344K, 50% used [0x0000000082200000,0x0000000083e3c180,0x0000000085a00000)
 Metaspace       used 26420K, capacity 26567K, committed 26880K, reserved 1073152K
  class space    used 3171K, capacity 3210K, committed 3328K, reserved 1048576K
}
Event: 4.043 GC heap before
{Heap before GC invocations=14 (full 1):
 PSYoungGen      total 304128K, used 303748K [0x00000000d6100000, 0x00000000eb300000, 0x0000000100000000)
  eden space 274432K, 100% used [0x00000000d6100000,0x00000000e6d00000,0x00000000e6d00000)
  from space 29696K, 98% used [0x00000000e8e80000,0x00000000eab21080,0x00000000eab80000)
  to   space 34304K, 0% used [0x00000000e6d00000,0x00000000e6d00000,0x00000000e8e80000)
 ParOldGen       total 57344K, used 28912K [0x0000000082200000, 0x0000000085a00000, 0x00000000d6100000)
  object space 57344K, 50% used [0x0000000082200000,0x0000000083e3c180,0x0000000085a00000)
 Metaspace       used 30473K, capacity 30623K, committed 30848K, reserved 1077248K
  class space    used 3618K, capacity 3662K, committed 3712K, reserved 1048576K
Event: 4.074 GC heap after
Heap after GC invocations=14 (full 1):
 PSYoungGen      total 308736K, used 34300K [0x00000000d6100000, 0x00000000f2b00000, 0x0000000100000000)
  eden space 274432K, 0% used [0x00000000d6100000,0x00000000d6100000,0x00000000e6d00000)
  from space 34304K, 99% used [0x00000000e6d00000,0x00000000e8e7f3b0,0x00000000e8e80000)
  to   space 40960K, 0% used [0x00000000f0300000,0x00000000f0300000,0x00000000f2b00000)
 ParOldGen       total 57344K, used 31128K [0x0000000082200000, 0x0000000085a00000, 0x00000000d6100000)
  object space 57344K, 54% used [0x0000000082200000,0x0000000084066010,0x0000000085a00000)
 Metaspace       used 30473K, capacity 30623K, committed 30848K, reserved 1077248K
  class space    used 3618K, capacity 3662K, committed 3712K, reserved 1048576K
}

