# JRE version: Java(TM) SE Runtime Environment (8.0_25-b18) (build 1.8.0_25-b18)
# Java VM: Java HotSpot(TM) 64-Bit Server VM (25.25-b02 mixed mode windows-amd64 compressed oops)
Heap:
 PSYoungGen      total 284160K, used 123973K [0x00000000d6100000, 0x00000000f0c00000, 0x0000000100000000)
  eden space 250880K, 36% used [0x00000000d6100000,0x00000000db991e08,0x00000000e5600000)
  from space 33280K, 99% used [0x00000000e5600000,0x00000000e767f9d8,0x00000000e7680000)
  to   space 39936K, 0% used [0x00000000ee500000,0x00000000ee500000,0x00000000f0c00000)
 ParOldGen       total 60928K, used 21460K [0x0000000082200000, 0x0000000085d80000, 0x00000000d6100000)
  object space 60928K, 35% used [0x0000000082200000,0x00000000836f50b0,0x0000000085d80000)
 Metaspace       used 30628K, capacity 30803K, committed 31232K, reserved 1077248K
  class space    used 3654K, capacity 3724K, committed 3840K, reserved 1048576K
GC Heap History (10 events):
Event: 2.522 GC heap before
{Heap before GC invocations=10 (full 1):
 PSYoungGen      total 151040K, used 151031K [0x00000000d6100000, 0x00000000e3b00000, 0x0000000100000000)
  eden space 137728K, 100% used [0x00000000d6100000,0x00000000de780000,0x00000000de780000)
  from space 13312K, 99% used [0x00000000df900000,0x00000000e05fdfc0,0x00000000e0600000)
  to   space 17920K, 0% used [0x00000000de780000,0x00000000de780000,0x00000000df900000)
 ParOldGen       total 60928K, used 11483K [0x0000000082200000, 0x0000000085d80000, 0x00000000d6100000)
  object space 60928K, 18% used [0x0000000082200000,0x0000000082d36d78,0x0000000085d80000)
 Metaspace       used 24840K, capacity 25025K, committed 25472K, reserved 1071104K
  class space    used 3016K, capacity 3081K, committed 3200K, reserved 1048576K
Event: 2.530 GC heap after
Heap after GC invocations=10 (full 1):
 PSYoungGen      total 155648K, used 17890K [0x00000000d6100000, 0x00000000e4100000, 0x0000000100000000)
  eden space 137728K, 0% used [0x00000000d6100000,0x00000000d6100000,0x00000000de780000)
  from space 17920K, 99% used [0x00000000de780000,0x00000000df8f89a8,0x00000000df900000)
  to   space 22016K, 0% used [0x00000000e2b80000,0x00000000e2b80000,0x00000000e4100000)
 ParOldGen       total 60928K, used 14950K [0x0000000082200000, 0x0000000085d80000, 0x00000000d6100000)
  object space 60928K, 24% used [0x0000000082200000,0x0000000083099b18,0x0000000085d80000)
 Metaspace       used 24840K, capacity 25025K, committed 25472K, reserved 1071104K
  class space    used 3016K, capacity 3081K, committed 3200K, reserved 1048576K
}
Event: 2.778 GC heap before
{Heap before GC invocations=11 (full 1):
 PSYoungGen      total 155648K, used 155618K [0x00000000d6100000, 0x00000000e4100000, 0x0000000100000000)
  eden space 137728K, 100% used [0x00000000d6100000,0x00000000de780000,0x00000000de780000)
  from space 17920K, 99% used [0x00000000de780000,0x00000000df8f89a8,0x00000000df900000)
  to   space 22016K, 0% used [0x00000000e2b80000,0x00000000e2b80000,0x00000000e4100000)
 ParOldGen       total 60928K, used 14950K [0x0000000082200000, 0x0000000085d80000, 0x00000000d6100000)
  object space 60928K, 24% used [0x0000000082200000,0x0000000083099b18,0x0000000085d80000)
 Metaspace       used 25962K, capacity 26087K, committed 26240K, reserved 1073152K
  class space    used 3123K, capacity 3178K, committed 3200K, reserved 1048576K
Event: 2.791 GC heap after
Heap after GC invocations=11 (full 1):
 PSYoungGen      total 204800K, used 19449K [0x00000000d6100000, 0x00000000e4980000, 0x0000000100000000)
  eden space 182784K, 0% used [0x00000000d6100000,0x00000000d6100000,0x00000000e1380000)
  from space 22016K, 88% used [0x00000000e2b80000,0x00000000e3e7e470,0x00000000e4100000)
  to   space 24576K, 0% used [0x00000000e1380000,0x00000000e1380000,0x00000000e2b80000)
 ParOldGen       total 60928K, used 14958K [0x0000000082200000, 0x0000000085d80000, 0x00000000d6100000)
  object space 60928K, 24% used [0x0000000082200000,0x000000008309bb18,0x0000000085d80000)
 Metaspace       used 25962K, capacity 26087K, committed 26240K, reserved 1073152K
  class space    used 3123K, capacity 3178K, committed 3200K, reserved 1048576K
}
Event: 3.044 GC heap before
{Heap before GC invocations=12 (full 1):
 PSYoungGen      total 204800K, used 202233K [0x00000000d6100000, 0x00000000e4980000, 0x0000000100000000)
  eden space 182784K, 100% used [0x00000000d6100000,0x00000000e1380000,0x00000000e1380000)
  from space 22016K, 88% used [0x00000000e2b80000,0x00000000e3e7e470,0x00000000e4100000)
  to   space 24576K, 0% used [0x00000000e1380000,0x00000000e1380000,0x00000000e2b80000)
 ParOldGen       total 60928K, used 14958K [0x0000000082200000, 0x0000000085d80000, 0x00000000d6100000)
  object space 60928K, 24% used [0x0000000082200000,0x000000008309bb18,0x0000000085d80000)
 Metaspace       used 25985K, capacity 26087K, committed 26240K, reserved 1073152K
  class space    used 3124K, capacity 3178K, committed 3200K, reserved 1048576K
Event: 3.060 GC heap after
Heap after GC invocations=12 (full 1):
 PSYoungGen      total 207360K, used 24564K [0x00000000d6100000, 0x00000000e9300000, 0x0000000100000000)
  eden space 182784K, 0% used [0x00000000d6100000,0x00000000d6100000,0x00000000e1380000)
  from space 24576K, 99% used [0x00000000e1380000,0x00000000e2b7d010,0x00000000e2b80000)
  to   space 29184K, 0% used [0x00000000e7680000,0x00000000e7680000,0x00000000e9300000)
 ParOldGen       total 60928K, used 16204K [0x0000000082200000, 0x0000000085d80000, 0x00000000d6100000)
  object space 60928K, 26% used [0x0000000082200000,0x00000000831d3028,0x0000000085d80000)
 Metaspace       used 25985K, capacity 26087K, committed 26240K, reserved 1073152K
  class space    used 3124K, capacity 3178K, committed 3200K, reserved 1048576K
}
Event: 3.440 GC heap before
{Heap before GC invocations=13 (full 1):
 PSYoungGen      total 207360K, used 207348K [0x00000000d6100000, 0x00000000e9300000, 0x0000000100000000)
  eden space 182784K, 100% used [0x00000000d6100000,0x00000000e1380000,0x00000000e1380000)
  from space 24576K, 99% used [0x00000000e1380000,0x00000000e2b7d010,0x00000000e2b80000)
  to   space 29184K, 0% used [0x00000000e7680000,0x00000000e7680000,0x00000000e9300000)
 ParOldGen       total 60928K, used 16204K [0x0000000082200000, 0x0000000085d80000, 0x00000000d6100000)
  object space 60928K, 26% used [0x0000000082200000,0x00000000831d3028,0x0000000085d80000)
 Metaspace       used 26021K, capacity 26151K, committed 26496K, reserved 1073152K
  class space    used 3124K, capacity 3178K, committed 3200K, reserved 1048576K
Event: 3.458 GC heap after
Heap after GC invocations=13 (full 1):
 PSYoungGen      total 280064K, used 27443K [0x00000000d6100000, 0x00000000e9c00000, 0x0000000100000000)
  eden space 250880K, 0% used [0x00000000d6100000,0x00000000d6100000,0x00000000e5600000)
  from space 29184K, 94% used [0x00000000e7680000,0x00000000e914cff8,0x00000000e9300000)
  to   space 33280K, 0% used [0x00000000e5600000,0x00000000e5600000,0x00000000e7680000)
 ParOldGen       total 60928K, used 17848K [0x0000000082200000, 0x0000000085d80000, 0x00000000d6100000)
  object space 60928K, 29% used [0x0000000082200000,0x000000008336e048,0x0000000085d80000)
 Metaspace       used 26021K, capacity 26151K, committed 26496K, reserved 1073152K
  class space    used 3124K, capacity 3178K, committed 3200K, reserved 1048576K
}
Event: 4.018 GC heap before
{Heap before GC invocations=14 (full 1):
 PSYoungGen      total 280064K, used 278323K [0x00000000d6100000, 0x00000000e9c00000, 0x0000000100000000)
  eden space 250880K, 100% used [0x00000000d6100000,0x00000000e5600000,0x00000000e5600000)
  from space 29184K, 94% used [0x00000000e7680000,0x00000000e914cff8,0x00000000e9300000)
  to   space 33280K, 0% used [0x00000000e5600000,0x00000000e5600000,0x00000000e7680000)
 ParOldGen       total 60928K, used 17848K [0x0000000082200000, 0x0000000085d80000, 0x00000000d6100000)
  object space 60928K, 29% used [0x0000000082200000,0x000000008336e048,0x0000000085d80000)
 Metaspace       used 29411K, capacity 29587K, committed 29952K, reserved 1075200K
  class space    used 3475K, capacity 3532K, committed 3584K, reserved 1048576K
Event: 4.066 GC heap after
Heap after GC invocations=14 (full 1):
 PSYoungGen      total 284160K, used 33278K [0x00000000d6100000, 0x00000000f0c00000, 0x0000000100000000)
  eden space 250880K, 0% used [0x00000000d6100000,0x00000000d6100000,0x00000000e5600000)
  from space 33280K, 99% used [0x00000000e5600000,0x00000000e767f9d8,0x00000000e7680000)
  to   space 39936K, 0% used [0x00000000ee500000,0x00000000ee500000,0x00000000f0c00000)
 ParOldGen       total 60928K, used 21460K [0x0000000082200000, 0x0000000085d80000, 0x00000000d6100000)
  object space 60928K, 35% used [0x0000000082200000,0x00000000836f50b0,0x0000000085d80000)
 Metaspace       used 29411K, capacity 29587K, committed 29952K, reserved 1075200K
  class space    used 3475K, capacity 3532K, committed 3584K, reserved 1048576K
}

