# JRE version: Java(TM) SE Runtime Environment (8.0_25-b18) (build 1.8.0_25-b18)
# Java VM: Java HotSpot(TM) 64-Bit Server VM (25.25-b02 mixed mode windows-amd64 compressed oops)
Heap:
 PSYoungGen      total 351744K, used 304357K [0x00000000d6100000, 0x00000000ee780000, 0x0000000100000000)
  eden space 318976K, 85% used [0x00000000d6100000,0x00000000e6a53640,0x00000000e9880000)
  from space 32768K, 99% used [0x00000000ebd80000,0x00000000edd65f50,0x00000000edd80000)
  to   space 37888K, 0% used [0x00000000e9880000,0x00000000e9880000,0x00000000ebd80000)
 ParOldGen       total 55296K, used 29441K [0x0000000082200000, 0x0000000085800000, 0x00000000d6100000)
  object space 55296K, 53% used [0x0000000082200000,0x0000000083ec0560,0x0000000085800000)
 Metaspace       used 30760K, capacity 30939K, committed 31232K, reserved 1077248K
  class space    used 3654K, capacity 3726K, committed 3840K, reserved 1048576K
GC Heap History (10 events):
Event: 2.257 GC heap before
{Heap before GC invocations=9 (full 1):
 PSYoungGen      total 133632K, used 133629K [0x00000000d6100000, 0x00000000e2080000, 0x0000000100000000)
  eden space 122880K, 100% used [0x00000000d6100000,0x00000000dd900000,0x00000000dd900000)
  from space 10752K, 99% used [0x00000000dd900000,0x00000000de37f5e8,0x00000000de380000)
  to   space 13312K, 0% used [0x00000000e1380000,0x00000000e1380000,0x00000000e2080000)
 ParOldGen       total 55296K, used 7420K [0x0000000082200000, 0x0000000085800000, 0x00000000d6100000)
  object space 55296K, 13% used [0x0000000082200000,0x000000008293f050,0x0000000085800000)
 Metaspace       used 24833K, capacity 25021K, committed 25472K, reserved 1071104K
  class space    used 3016K, capacity 3081K, committed 3200K, reserved 1048576K
Event: 2.264 GC heap after
Heap after GC invocations=9 (full 1):
 PSYoungGen      total 178688K, used 13295K [0x00000000d6100000, 0x00000000e4680000, 0x0000000100000000)
  eden space 165376K, 0% used [0x00000000d6100000,0x00000000d6100000,0x00000000e0280000)
  from space 13312K, 99% used [0x00000000e1380000,0x00000000e207bed8,0x00000000e2080000)
  to   space 17408K, 0% used [0x00000000e0280000,0x00000000e0280000,0x00000000e1380000)
 ParOldGen       total 55296K, used 12171K [0x0000000082200000, 0x0000000085800000, 0x00000000d6100000)
  object space 55296K, 22% used [0x0000000082200000,0x0000000082de2d50,0x0000000085800000)
 Metaspace       used 24833K, capacity 25021K, committed 25472K, reserved 1071104K
  class space    used 3016K, capacity 3081K, committed 3200K, reserved 1048576K
}
Event: 2.483 GC heap before
{Heap before GC invocations=10 (full 1):
 PSYoungGen      total 178688K, used 178671K [0x00000000d6100000, 0x00000000e4680000, 0x0000000100000000)
  eden space 165376K, 100% used [0x00000000d6100000,0x00000000e0280000,0x00000000e0280000)
  from space 13312K, 99% used [0x00000000e1380000,0x00000000e207bed8,0x00000000e2080000)
  to   space 17408K, 0% used [0x00000000e0280000,0x00000000e0280000,0x00000000e1380000)
 ParOldGen       total 55296K, used 12171K [0x0000000082200000, 0x0000000085800000, 0x00000000d6100000)
  object space 55296K, 22% used [0x0000000082200000,0x0000000082de2d50,0x0000000085800000)
 Metaspace       used 24834K, capacity 25021K, committed 25472K, reserved 1071104K
  class space    used 3016K, capacity 3081K, committed 3200K, reserved 1048576K
Event: 2.493 GC heap after
Heap after GC invocations=10 (full 1):
 PSYoungGen      total 182784K, used 17406K [0x00000000d6100000, 0x00000000e7000000, 0x0000000100000000)
  eden space 165376K, 0% used [0x00000000d6100000,0x00000000d6100000,0x00000000e0280000)
  from space 17408K, 99% used [0x00000000e0280000,0x00000000e137f980,0x00000000e1380000)
  to   space 23552K, 0% used [0x00000000e5900000,0x00000000e5900000,0x00000000e7000000)
 ParOldGen       total 55296K, used 19995K [0x0000000082200000, 0x0000000085800000, 0x00000000d6100000)
  object space 55296K, 36% used [0x0000000082200000,0x0000000083586e50,0x0000000085800000)
 Metaspace       used 24834K, capacity 25021K, committed 25472K, reserved 1071104K
  class space    used 3016K, capacity 3081K, committed 3200K, reserved 1048576K
}
Event: 2.793 GC heap before
{Heap before GC invocations=11 (full 1):
 PSYoungGen      total 182784K, used 182782K [0x00000000d6100000, 0x00000000e7000000, 0x0000000100000000)
  eden space 165376K, 100% used [0x00000000d6100000,0x00000000e0280000,0x00000000e0280000)
  from space 17408K, 99% used [0x00000000e0280000,0x00000000e137f980,0x00000000e1380000)
  to   space 23552K, 0% used [0x00000000e5900000,0x00000000e5900000,0x00000000e7000000)
 ParOldGen       total 55296K, used 19995K [0x0000000082200000, 0x0000000085800000, 0x00000000d6100000)
  object space 55296K, 36% used [0x0000000082200000,0x0000000083586e50,0x0000000085800000)
 Metaspace       used 25958K, capacity 26083K, committed 26240K, reserved 1073152K
  class space    used 3123K, capacity 3178K, committed 3200K, reserved 1048576K
Event: 2.810 GC heap after
Heap after GC invocations=11 (full 1):
 PSYoungGen      total 250880K, used 21562K [0x00000000d6100000, 0x00000000e7900000, 0x0000000100000000)
  eden space 227328K, 0% used [0x00000000d6100000,0x00000000d6100000,0x00000000e3f00000)
  from space 23552K, 91% used [0x00000000e5900000,0x00000000e6e0ebf0,0x00000000e7000000)
  to   space 26624K, 0% used [0x00000000e3f00000,0x00000000e3f00000,0x00000000e5900000)
 ParOldGen       total 55296K, used 21371K [0x0000000082200000, 0x0000000085800000, 0x00000000d6100000)
  object space 55296K, 38% used [0x0000000082200000,0x00000000836dee50,0x0000000085800000)
 Metaspace       used 25958K, capacity 26083K, committed 26240K, reserved 1073152K
  class space    used 3123K, capacity 3178K, committed 3200K, reserved 1048576K
}
Event: 3.193 GC heap before
{Heap before GC invocations=12 (full 1):
 PSYoungGen      total 250880K, used 248890K [0x00000000d6100000, 0x00000000e7900000, 0x0000000100000000)
  eden space 227328K, 100% used [0x00000000d6100000,0x00000000e3f00000,0x00000000e3f00000)
  from space 23552K, 91% used [0x00000000e5900000,0x00000000e6e0ebf0,0x00000000e7000000)
  to   space 26624K, 0% used [0x00000000e3f00000,0x00000000e3f00000,0x00000000e5900000)
 ParOldGen       total 55296K, used 21371K [0x0000000082200000, 0x0000000085800000, 0x00000000d6100000)
  object space 55296K, 38% used [0x0000000082200000,0x00000000836dee50,0x0000000085800000)
 Metaspace       used 25978K, capacity 26147K, committed 26496K, reserved 1073152K
  class space    used 3124K, capacity 3178K, committed 3200K, reserved 1048576K
Event: 3.216 GC heap after
Heap after GC invocations=12 (full 1):
 PSYoungGen      total 253952K, used 26617K [0x00000000d6100000, 0x00000000edd80000, 0x0000000100000000)
  eden space 227328K, 0% used [0x00000000d6100000,0x00000000d6100000,0x00000000e3f00000)
  from space 26624K, 99% used [0x00000000e3f00000,0x00000000e58fe5c8,0x00000000e5900000)
  to   space 32768K, 0% used [0x00000000ebd80000,0x00000000ebd80000,0x00000000edd80000)
 ParOldGen       total 55296K, used 26536K [0x0000000082200000, 0x0000000085800000, 0x00000000d6100000)
  object space 55296K, 47% used [0x0000000082200000,0x0000000083bea360,0x0000000085800000)
 Metaspace       used 25978K, capacity 26147K, committed 26496K, reserved 1073152K
  class space    used 3124K, capacity 3178K, committed 3200K, reserved 1048576K
}
Event: 3.698 GC heap before
{Heap before GC invocations=13 (full 1):
 PSYoungGen      total 253952K, used 253945K [0x00000000d6100000, 0x00000000edd80000, 0x0000000100000000)
  eden space 227328K, 100% used [0x00000000d6100000,0x00000000e3f00000,0x00000000e3f00000)
  from space 26624K, 99% used [0x00000000e3f00000,0x00000000e58fe5c8,0x00000000e5900000)
  to   space 32768K, 0% used [0x00000000ebd80000,0x00000000ebd80000,0x00000000edd80000)
 ParOldGen       total 55296K, used 26536K [0x0000000082200000, 0x0000000085800000, 0x00000000d6100000)
  object space 55296K, 47% used [0x0000000082200000,0x0000000083bea360,0x0000000085800000)
 Metaspace       used 27375K, capacity 27535K, committed 27776K, reserved 1073152K
  class space    used 3279K, capacity 3340K, committed 3456K, reserved 1048576K
Event: 3.719 GC heap after
Heap after GC invocations=13 (full 1):
 PSYoungGen      total 351744K, used 32663K [0x00000000d6100000, 0x00000000ee780000, 0x0000000100000000)
  eden space 318976K, 0% used [0x00000000d6100000,0x00000000d6100000,0x00000000e9880000)
  from space 32768K, 99% used [0x00000000ebd80000,0x00000000edd65f50,0x00000000edd80000)
  to   space 37888K, 0% used [0x00000000e9880000,0x00000000e9880000,0x00000000ebd80000)
 ParOldGen       total 55296K, used 29441K [0x0000000082200000, 0x0000000085800000, 0x00000000d6100000)
  object space 55296K, 53% used [0x0000000082200000,0x0000000083ec0560,0x0000000085800000)
 Metaspace       used 27375K, capacity 27535K, committed 27776K, reserved 1073152K
  class space    used 3279K, capacity 3340K, committed 3456K, reserved 1048576K
}

