# JRE version: Java(TM) SE Runtime Environment (8.0_25-b18) (build 1.8.0_25-b18)
# Java VM: Java HotSpot(TM) 64-Bit Server VM (25.25-b02 mixed mode windows-amd64 compressed oops)
Heap:
 PSYoungGen      total 393216K, used 184653K [0x00000000d6100000, 0x00000000f1080000, 0x0000000100000000)
  eden space 357888K, 42% used [0x00000000d6100000,0x00000000df437838,0x00000000ebe80000)
  from space 35328K, 95% used [0x00000000ee600000,0x00000000f071bd58,0x00000000f0880000)
  to   space 40448K, 0% used [0x00000000ebe80000,0x00000000ebe80000,0x00000000ee600000)
 ParOldGen       total 59392K, used 30557K [0x0000000082200000, 0x0000000085c00000, 0x00000000d6100000)
  object space 59392K, 51% used [0x0000000082200000,0x0000000083fd7540,0x0000000085c00000)
 Metaspace       used 31125K, capacity 31263K, committed 31488K, reserved 1077248K
  class space    used 3661K, capacity 3724K, committed 3840K, reserved 1048576K
GC Heap History (10 events):
Event: 2.783 GC heap before
{Heap before GC invocations=9 (full 1):
 PSYoungGen      total 133632K, used 132107K [0x00000000d6100000, 0x00000000e2b00000, 0x0000000100000000)
  eden space 120832K, 100% used [0x00000000d6100000,0x00000000dd700000,0x00000000dd700000)
  from space 12800K, 88% used [0x00000000dd700000,0x00000000de202c40,0x00000000de380000)
  to   space 14848K, 0% used [0x00000000e1c80000,0x00000000e1c80000,0x00000000e2b00000)
 ParOldGen       total 59392K, used 9505K [0x0000000082200000, 0x0000000085c00000, 0x00000000d6100000)
  object space 59392K, 16% used [0x0000000082200000,0x0000000082b48588,0x0000000085c00000)
 Metaspace       used 25250K, capacity 25389K, committed 25600K, reserved 1071104K
  class space    used 3017K, capacity 3049K, committed 3072K, reserved 1048576K
Event: 2.791 GC heap after
Heap after GC invocations=9 (full 1):
 PSYoungGen      total 187904K, used 14846K [0x00000000d6100000, 0x00000000e4f00000, 0x0000000100000000)
  eden space 173056K, 0% used [0x00000000d6100000,0x00000000d6100000,0x00000000e0a00000)
  from space 14848K, 99% used [0x00000000e1c80000,0x00000000e2affb28,0x00000000e2b00000)
  to   space 18944K, 0% used [0x00000000e0a00000,0x00000000e0a00000,0x00000000e1c80000)
 ParOldGen       total 59392K, used 12494K [0x0000000082200000, 0x0000000085c00000, 0x00000000d6100000)
  object space 59392K, 21% used [0x0000000082200000,0x0000000082e33908,0x0000000085c00000)
 Metaspace       used 25250K, capacity 25389K, committed 25600K, reserved 1071104K
  class space    used 3017K, capacity 3049K, committed 3072K, reserved 1048576K
}
Event: 3.052 GC heap before
{Heap before GC invocations=10 (full 1):
 PSYoungGen      total 187904K, used 187902K [0x00000000d6100000, 0x00000000e4f00000, 0x0000000100000000)
  eden space 173056K, 100% used [0x00000000d6100000,0x00000000e0a00000,0x00000000e0a00000)
  from space 14848K, 99% used [0x00000000e1c80000,0x00000000e2affb28,0x00000000e2b00000)
  to   space 18944K, 0% used [0x00000000e0a00000,0x00000000e0a00000,0x00000000e1c80000)
 ParOldGen       total 59392K, used 12494K [0x0000000082200000, 0x0000000085c00000, 0x00000000d6100000)
  object space 59392K, 21% used [0x0000000082200000,0x0000000082e33908,0x0000000085c00000)
 Metaspace       used 25251K, capacity 25389K, committed 25600K, reserved 1071104K
  class space    used 3017K, capacity 3049K, committed 3072K, reserved 1048576K
Event: 3.068 GC heap after
Heap after GC invocations=10 (full 1):
 PSYoungGen      total 192000K, used 18920K [0x00000000d6100000, 0x00000000e8880000, 0x0000000100000000)
  eden space 173056K, 0% used [0x00000000d6100000,0x00000000d6100000,0x00000000e0a00000)
  from space 18944K, 99% used [0x00000000e0a00000,0x00000000e1c7a2a0,0x00000000e1c80000)
  to   space 25088K, 0% used [0x00000000e7000000,0x00000000e7000000,0x00000000e8880000)
 ParOldGen       total 59392K, used 19822K [0x0000000082200000, 0x0000000085c00000, 0x00000000d6100000)
  object space 59392K, 33% used [0x0000000082200000,0x000000008355bac8,0x0000000085c00000)
 Metaspace       used 25251K, capacity 25389K, committed 25600K, reserved 1071104K
  class space    used 3017K, capacity 3049K, committed 3072K, reserved 1048576K
}
Event: 3.387 GC heap before
{Heap before GC invocations=11 (full 1):
 PSYoungGen      total 192000K, used 191976K [0x00000000d6100000, 0x00000000e8880000, 0x0000000100000000)
  eden space 173056K, 100% used [0x00000000d6100000,0x00000000e0a00000,0x00000000e0a00000)
  from space 18944K, 99% used [0x00000000e0a00000,0x00000000e1c7a2a0,0x00000000e1c80000)
  to   space 25088K, 0% used [0x00000000e7000000,0x00000000e7000000,0x00000000e8880000)
 ParOldGen       total 59392K, used 19822K [0x0000000082200000, 0x0000000085c00000, 0x00000000d6100000)
  object space 59392K, 33% used [0x0000000082200000,0x000000008355bac8,0x0000000085c00000)
 Metaspace       used 26389K, capacity 26547K, committed 26752K, reserved 1073152K
  class space    used 3124K, capacity 3178K, committed 3200K, reserved 1048576K
Event: 3.399 GC heap after
Heap after GC invocations=11 (full 1):
 PSYoungGen      total 274432K, used 22687K [0x00000000d6100000, 0x00000000e8f00000, 0x0000000100000000)
  eden space 249344K, 0% used [0x00000000d6100000,0x00000000d6100000,0x00000000e5480000)
  from space 25088K, 90% used [0x00000000e7000000,0x00000000e8627fd0,0x00000000e8880000)
  to   space 28160K, 0% used [0x00000000e5480000,0x00000000e5480000,0x00000000e7000000)
 ParOldGen       total 59392K, used 21190K [0x0000000082200000, 0x0000000085c00000, 0x00000000d6100000)
  object space 59392K, 35% used [0x0000000082200000,0x00000000836b1ac8,0x0000000085c00000)
 Metaspace       used 26389K, capacity 26547K, committed 26752K, reserved 1073152K
  class space    used 3124K, capacity 3178K, committed 3200K, reserved 1048576K
}
Event: 3.842 GC heap before
{Heap before GC invocations=12 (full 1):
 PSYoungGen      total 274432K, used 272031K [0x00000000d6100000, 0x00000000e8f00000, 0x0000000100000000)
  eden space 249344K, 100% used [0x00000000d6100000,0x00000000e5480000,0x00000000e5480000)
  from space 25088K, 90% used [0x00000000e7000000,0x00000000e8627fd0,0x00000000e8880000)
  to   space 28160K, 0% used [0x00000000e5480000,0x00000000e5480000,0x00000000e7000000)
 ParOldGen       total 59392K, used 21190K [0x0000000082200000, 0x0000000085c00000, 0x00000000d6100000)
  object space 59392K, 35% used [0x0000000082200000,0x00000000836b1ac8,0x0000000085c00000)
 Metaspace       used 26419K, capacity 26611K, committed 26752K, reserved 1073152K
  class space    used 3126K, capacity 3178K, committed 3200K, reserved 1048576K
Event: 3.854 GC heap after
Heap after GC invocations=12 (full 1):
 PSYoungGen      total 277504K, used 28148K [0x00000000d6100000, 0x00000000f0880000, 0x0000000100000000)
  eden space 249344K, 0% used [0x00000000d6100000,0x00000000d6100000,0x00000000e5480000)
  from space 28160K, 99% used [0x00000000e5480000,0x00000000e6ffd200,0x00000000e7000000)
  to   space 35328K, 0% used [0x00000000ee600000,0x00000000ee600000,0x00000000f0880000)
 ParOldGen       total 59392K, used 27517K [0x0000000082200000, 0x0000000085c00000, 0x00000000d6100000)
  object space 59392K, 46% used [0x0000000082200000,0x0000000083cdf520,0x0000000085c00000)
 Metaspace       used 26419K, capacity 26611K, committed 26752K, reserved 1073152K
  class space    used 3126K, capacity 3178K, committed 3200K, reserved 1048576K
}
Event: 4.439 GC heap before
{Heap before GC invocations=13 (full 1):
 PSYoungGen      total 277504K, used 277492K [0x00000000d6100000, 0x00000000f0880000, 0x0000000100000000)
  eden space 249344K, 100% used [0x00000000d6100000,0x00000000e5480000,0x00000000e5480000)
  from space 28160K, 99% used [0x00000000e5480000,0x00000000e6ffd200,0x00000000e7000000)
  to   space 35328K, 0% used [0x00000000ee600000,0x00000000ee600000,0x00000000f0880000)
 ParOldGen       total 59392K, used 27517K [0x0000000082200000, 0x0000000085c00000, 0x00000000d6100000)
  object space 59392K, 46% used [0x0000000082200000,0x0000000083cdf520,0x0000000085c00000)
 Metaspace       used 28518K, capacity 28639K, committed 28800K, reserved 1075200K
  class space    used 3361K, capacity 3404K, committed 3456K, reserved 1048576K
Event: 4.453 GC heap after
Heap after GC invocations=13 (full 1):
 PSYoungGen      total 393216K, used 33903K [0x00000000d6100000, 0x00000000f1080000, 0x0000000100000000)
  eden space 357888K, 0% used [0x00000000d6100000,0x00000000d6100000,0x00000000ebe80000)
  from space 35328K, 95% used [0x00000000ee600000,0x00000000f071bd58,0x00000000f0880000)
  to   space 40448K, 0% used [0x00000000ebe80000,0x00000000ebe80000,0x00000000ee600000)
 ParOldGen       total 59392K, used 30557K [0x0000000082200000, 0x0000000085c00000, 0x00000000d6100000)
  object space 59392K, 51% used [0x0000000082200000,0x0000000083fd7540,0x0000000085c00000)
 Metaspace       used 28518K, capacity 28639K, committed 28800K, reserved 1075200K
  class space    used 3361K, capacity 3404K, committed 3456K, reserved 1048576K
}

