# JRE version: Java(TM) SE Runtime Environment (8.0_25-b18) (build 1.8.0_25-b18)
# Java VM: Java HotSpot(TM) 64-Bit Server VM (25.25-b02 mixed mode windows-amd64 compressed oops)
Heap:
 PSYoungGen      total 507904K, used 119771K [0x00000000d6100000, 0x00000000faf80000, 0x0000000100000000)
  eden space 463360K, 25% used [0x00000000d6100000,0x00000000dd5f6cf8,0x00000000f2580000)
  from space 44544K, 0% used [0x00000000f6380000,0x00000000f6380000,0x00000000f8f00000)
  to   space 63488K, 0% used [0x00000000f2580000,0x00000000f2580000,0x00000000f6380000)
 ParOldGen       total 149504K, used 68810K [0x0000000082200000, 0x000000008b400000, 0x00000000d6100000)
  object space 149504K, 46% used [0x0000000082200000,0x0000000086532bb0,0x000000008b400000)
 Metaspace       used 30902K, capacity 31071K, committed 31488K, reserved 1077248K
  class space    used 3657K, capacity 3726K, committed 3840K, reserved 1048576K
GC Heap History (10 events):
Event: 2.557 GC heap before
{Heap before GC invocations=8 (full 1):
 PSYoungGen      total 220160K, used 220159K [0x00000000d6100000, 0x00000000e5a80000, 0x0000000100000000)
  eden space 205312K, 100% used [0x00000000d6100000,0x00000000e2980000,0x00000000e2980000)
  from space 14848K, 99% used [0x00000000e3d00000,0x00000000e4b7fcc8,0x00000000e4b80000)
  to   space 19968K, 0% used [0x00000000e2980000,0x00000000e2980000,0x00000000e3d00000)
 ParOldGen       total 60416K, used 14821K [0x0000000082200000, 0x0000000085d00000, 0x00000000d6100000)
  object space 60416K, 24% used [0x0000000082200000,0x00000000830796c8,0x0000000085d00000)
 Metaspace       used 24816K, capacity 24961K, committed 25216K, reserved 1071104K
  class space    used 3012K, capacity 3081K, committed 3200K, reserved 1048576K
Event: 2.570 GC heap after
Heap after GC invocations=8 (full 1):
 PSYoungGen      total 225280K, used 19957K [0x00000000d6100000, 0x00000000eeb00000, 0x0000000100000000)
  eden space 205312K, 0% used [0x00000000d6100000,0x00000000d6100000,0x00000000e2980000)
  from space 19968K, 99% used [0x00000000e2980000,0x00000000e3cfd570,0x00000000e3d00000)
  to   space 29184K, 0% used [0x00000000ece80000,0x00000000ece80000,0x00000000eeb00000)
 ParOldGen       total 60416K, used 25448K [0x0000000082200000, 0x0000000085d00000, 0x00000000d6100000)
  object space 60416K, 42% used [0x0000000082200000,0x0000000083ada140,0x0000000085d00000)
 Metaspace       used 24816K, capacity 24961K, committed 25216K, reserved 1071104K
  class space    used 3012K, capacity 3081K, committed 3200K, reserved 1048576K
}
Event: 2.923 GC heap before
{Heap before GC invocations=9 (full 1):
 PSYoungGen      total 225280K, used 225269K [0x00000000d6100000, 0x00000000eeb00000, 0x0000000100000000)
  eden space 205312K, 100% used [0x00000000d6100000,0x00000000e2980000,0x00000000e2980000)
  from space 19968K, 99% used [0x00000000e2980000,0x00000000e3cfd570,0x00000000e3d00000)
  to   space 29184K, 0% used [0x00000000ece80000,0x00000000ece80000,0x00000000eeb00000)
 ParOldGen       total 60416K, used 25448K [0x0000000082200000, 0x0000000085d00000, 0x00000000d6100000)
  object space 60416K, 42% used [0x0000000082200000,0x0000000083ada140,0x0000000085d00000)
 Metaspace       used 26004K, capacity 26151K, committed 26496K, reserved 1073152K
  class space    used 3122K, capacity 3178K, committed 3200K, reserved 1048576K
Event: 2.934 GC heap after
Heap after GC invocations=9 (full 1):
 PSYoungGen      total 369664K, used 27740K [0x00000000d6100000, 0x00000000ef480000, 0x0000000100000000)
  eden space 340480K, 0% used [0x00000000d6100000,0x00000000d6100000,0x00000000ead80000)
  from space 29184K, 95% used [0x00000000ece80000,0x00000000ee9971c8,0x00000000eeb00000)
  to   space 33792K, 0% used [0x00000000ead80000,0x00000000ead80000,0x00000000ece80000)
 ParOldGen       total 60416K, used 25456K [0x0000000082200000, 0x0000000085d00000, 0x00000000d6100000)
  object space 60416K, 42% used [0x0000000082200000,0x0000000083adc140,0x0000000085d00000)
 Metaspace       used 26004K, capacity 26151K, committed 26496K, reserved 1073152K
  class space    used 3122K, capacity 3178K, committed 3200K, reserved 1048576K
}
Event: 3.686 GC heap before
{Heap before GC invocations=10 (full 1):
 PSYoungGen      total 369664K, used 368220K [0x00000000d6100000, 0x00000000ef480000, 0x0000000100000000)
  eden space 340480K, 100% used [0x00000000d6100000,0x00000000ead80000,0x00000000ead80000)
  from space 29184K, 95% used [0x00000000ece80000,0x00000000ee9971c8,0x00000000eeb00000)
  to   space 33792K, 0% used [0x00000000ead80000,0x00000000ead80000,0x00000000ece80000)
 ParOldGen       total 60416K, used 25456K [0x0000000082200000, 0x0000000085d00000, 0x00000000d6100000)
  object space 60416K, 42% used [0x0000000082200000,0x0000000083adc140,0x0000000085d00000)
 Metaspace       used 27410K, capacity 27539K, committed 27776K, reserved 1073152K
  class space    used 3279K, capacity 3340K, committed 3456K, reserved 1048576K
Event: 3.713 GC heap after
Heap after GC invocations=10 (full 1):
 PSYoungGen      total 374272K, used 33774K [0x00000000d6100000, 0x00000000f8f00000, 0x0000000100000000)
  eden space 340480K, 0% used [0x00000000d6100000,0x00000000d6100000,0x00000000ead80000)
  from space 33792K, 99% used [0x00000000ead80000,0x00000000ece7bbc8,0x00000000ece80000)
  to   space 44544K, 0% used [0x00000000f6380000,0x00000000f6380000,0x00000000f8f00000)
 ParOldGen       total 60416K, used 37725K [0x0000000082200000, 0x0000000085d00000, 0x00000000d6100000)
  object space 60416K, 62% used [0x0000000082200000,0x00000000846d75b8,0x0000000085d00000)
 Metaspace       used 27410K, capacity 27539K, committed 27776K, reserved 1073152K
  class space    used 3279K, capacity 3340K, committed 3456K, reserved 1048576K
}
Event: 5.183 GC heap before
{Heap before GC invocations=11 (full 1):
 PSYoungGen      total 374272K, used 374254K [0x00000000d6100000, 0x00000000f8f00000, 0x0000000100000000)
  eden space 340480K, 100% used [0x00000000d6100000,0x00000000ead80000,0x00000000ead80000)
  from space 33792K, 99% used [0x00000000ead80000,0x00000000ece7bbc8,0x00000000ece80000)
  to   space 44544K, 0% used [0x00000000f6380000,0x00000000f6380000,0x00000000f8f00000)
 ParOldGen       total 60416K, used 37725K [0x0000000082200000, 0x0000000085d00000, 0x00000000d6100000)
  object space 60416K, 62% used [0x0000000082200000,0x00000000846d75b8,0x0000000085d00000)
 Metaspace       used 29698K, capacity 29919K, committed 30208K, reserved 1075200K
  class space    used 3478K, capacity 3534K, committed 3584K, reserved 1048576K
Event: 5.212 GC heap after
Heap after GC invocations=11 (full 1):
 PSYoungGen      total 507904K, used 44531K [0x00000000d6100000, 0x00000000faf80000, 0x0000000100000000)
  eden space 463360K, 0% used [0x00000000d6100000,0x00000000d6100000,0x00000000f2580000)
  from space 44544K, 99% used [0x00000000f6380000,0x00000000f8efcf48,0x00000000f8f00000)
  to   space 63488K, 0% used [0x00000000f2580000,0x00000000f2580000,0x00000000f6380000)
 ParOldGen       total 69632K, used 69222K [0x0000000082200000, 0x0000000086600000, 0x00000000d6100000)
  object space 69632K, 99% used [0x0000000082200000,0x0000000086599968,0x0000000086600000)
 Metaspace       used 29698K, capacity 29919K, committed 30208K, reserved 1075200K
  class space    used 3478K, capacity 3534K, committed 3584K, reserved 1048576K
}
Event: 5.212 GC heap before
{Heap before GC invocations=12 (full 2):
 PSYoungGen      total 507904K, used 44531K [0x00000000d6100000, 0x00000000faf80000, 0x0000000100000000)
  eden space 463360K, 0% used [0x00000000d6100000,0x00000000d6100000,0x00000000f2580000)
  from space 44544K, 99% used [0x00000000f6380000,0x00000000f8efcf48,0x00000000f8f00000)
  to   space 63488K, 0% used [0x00000000f2580000,0x00000000f2580000,0x00000000f6380000)
 ParOldGen       total 69632K, used 69222K [0x0000000082200000, 0x0000000086600000, 0x00000000d6100000)
  object space 69632K, 99% used [0x0000000082200000,0x0000000086599968,0x0000000086600000)
 Metaspace       used 29698K, capacity 29919K, committed 30208K, reserved 1075200K
  class space    used 3478K, capacity 3534K, committed 3584K, reserved 1048576K
Event: 5.248 GC heap after
Heap after GC invocations=12 (full 2):
 PSYoungGen      total 507904K, used 0K [0x00000000d6100000, 0x00000000faf80000, 0x0000000100000000)
  eden space 463360K, 0% used [0x00000000d6100000,0x00000000d6100000,0x00000000f2580000)
  from space 44544K, 0% used [0x00000000f6380000,0x00000000f6380000,0x00000000f8f00000)
  to   space 63488K, 0% used [0x00000000f2580000,0x00000000f2580000,0x00000000f6380000)
 ParOldGen       total 149504K, used 68810K [0x0000000082200000, 0x000000008b400000, 0x00000000d6100000)
  object space 149504K, 46% used [0x0000000082200000,0x0000000086532bb0,0x000000008b400000)
 Metaspace       used 29698K, capacity 29919K, committed 30208K, reserved 1075200K
  class space    used 3478K, capacity 3534K, committed 3584K, reserved 1048576K
}

