# JRE version: Java(TM) SE Runtime Environment (8.0_25-b18) (build 1.8.0_25-b18)
# Java VM: Java HotSpot(TM) 64-Bit Server VM (25.25-b02 mixed mode windows-amd64 compressed oops)
Heap:
 PSYoungGen      total 417792K, used 172314K [0x00000000d6100000, 0x00000000f3780000, 0x0000000100000000)
  eden space 380416K, 35% used [0x00000000d6100000,0x00000000de4cc038,0x00000000ed480000)
  from space 37376K, 99% used [0x00000000f0180000,0x00000000f25fa980,0x00000000f2600000)
  to   space 46080K, 0% used [0x00000000ed480000,0x00000000ed480000,0x00000000f0180000)
 ParOldGen       total 55808K, used 35680K [0x0000000082200000, 0x0000000085880000, 0x00000000d6100000)
  object space 55808K, 63% used [0x0000000082200000,0x00000000844d8138,0x0000000085880000)
 Metaspace       used 30722K, capacity 30875K, committed 31232K, reserved 1077248K
  class space    used 3655K, capacity 3726K, committed 3840K, reserved 1048576K
GC Heap History (10 events):
Event: 2.334 GC heap before
{Heap before GC invocations=9 (full 1):
 PSYoungGen      total 134144K, used 133742K [0x00000000d6100000, 0x00000000e3800000, 0x0000000100000000)
  eden space 120832K, 100% used [0x00000000d6100000,0x00000000dd700000,0x00000000dd700000)
  from space 13312K, 96% used [0x00000000dd700000,0x00000000de39ba68,0x00000000de400000)
  to   space 15360K, 0% used [0x00000000e2900000,0x00000000e2900000,0x00000000e3800000)
 ParOldGen       total 55808K, used 6800K [0x0000000082200000, 0x0000000085880000, 0x00000000d6100000)
  object space 55808K, 12% used [0x0000000082200000,0x00000000828a42e8,0x0000000085880000)
 Metaspace       used 24818K, capacity 24957K, committed 25216K, reserved 1071104K
  class space    used 3016K, capacity 3081K, committed 3200K, reserved 1048576K
Event: 2.348 GC heap after
Heap after GC invocations=9 (full 1):
 PSYoungGen      total 200704K, used 15344K [0x00000000d6100000, 0x00000000e5500000, 0x0000000100000000)
  eden space 185344K, 0% used [0x00000000d6100000,0x00000000d6100000,0x00000000e1600000)
  from space 15360K, 99% used [0x00000000e2900000,0x00000000e37fc138,0x00000000e3800000)
  to   space 19456K, 0% used [0x00000000e1600000,0x00000000e1600000,0x00000000e2900000)
 ParOldGen       total 55808K, used 9361K [0x0000000082200000, 0x0000000085880000, 0x00000000d6100000)
  object space 55808K, 16% used [0x0000000082200000,0x0000000082b24530,0x0000000085880000)
 Metaspace       used 24818K, capacity 24957K, committed 25216K, reserved 1071104K
  class space    used 3016K, capacity 3081K, committed 3200K, reserved 1048576K
}
Event: 2.597 GC heap before
{Heap before GC invocations=10 (full 1):
 PSYoungGen      total 200704K, used 200688K [0x00000000d6100000, 0x00000000e5500000, 0x0000000100000000)
  eden space 185344K, 100% used [0x00000000d6100000,0x00000000e1600000,0x00000000e1600000)
  from space 15360K, 99% used [0x00000000e2900000,0x00000000e37fc138,0x00000000e3800000)
  to   space 19456K, 0% used [0x00000000e1600000,0x00000000e1600000,0x00000000e2900000)
 ParOldGen       total 55808K, used 9361K [0x0000000082200000, 0x0000000085880000, 0x00000000d6100000)
  object space 55808K, 16% used [0x0000000082200000,0x0000000082b24530,0x0000000085880000)
 Metaspace       used 24819K, capacity 24957K, committed 25216K, reserved 1071104K
  class space    used 3016K, capacity 3081K, committed 3200K, reserved 1048576K
Event: 2.614 GC heap after
Heap after GC invocations=10 (full 1):
 PSYoungGen      total 204800K, used 19430K [0x00000000d6100000, 0x00000000e9d00000, 0x0000000100000000)
  eden space 185344K, 0% used [0x00000000d6100000,0x00000000d6100000,0x00000000e1600000)
  from space 19456K, 99% used [0x00000000e1600000,0x00000000e28f99f0,0x00000000e2900000)
  to   space 26112K, 0% used [0x00000000e8380000,0x00000000e8380000,0x00000000e9d00000)
 ParOldGen       total 55808K, used 18148K [0x0000000082200000, 0x0000000085880000, 0x00000000d6100000)
  object space 55808K, 32% used [0x0000000082200000,0x00000000833b9070,0x0000000085880000)
 Metaspace       used 24819K, capacity 24957K, committed 25216K, reserved 1071104K
  class space    used 3016K, capacity 3081K, committed 3200K, reserved 1048576K
}
Event: 2.920 GC heap before
{Heap before GC invocations=11 (full 1):
 PSYoungGen      total 204800K, used 204774K [0x00000000d6100000, 0x00000000e9d00000, 0x0000000100000000)
  eden space 185344K, 100% used [0x00000000d6100000,0x00000000e1600000,0x00000000e1600000)
  from space 19456K, 99% used [0x00000000e1600000,0x00000000e28f99f0,0x00000000e2900000)
  to   space 26112K, 0% used [0x00000000e8380000,0x00000000e8380000,0x00000000e9d00000)
 ParOldGen       total 55808K, used 18148K [0x0000000082200000, 0x0000000085880000, 0x00000000d6100000)
  object space 55808K, 32% used [0x0000000082200000,0x00000000833b9070,0x0000000085880000)
 Metaspace       used 25951K, capacity 26083K, committed 26240K, reserved 1073152K
  class space    used 3123K, capacity 3178K, committed 3200K, reserved 1048576K
Event: 2.930 GC heap after
Heap after GC invocations=11 (full 1):
 PSYoungGen      total 294400K, used 23063K [0x00000000d6100000, 0x00000000ea100000, 0x0000000100000000)
  eden space 268288K, 0% used [0x00000000d6100000,0x00000000d6100000,0x00000000e6700000)
  from space 26112K, 88% used [0x00000000e8380000,0x00000000e9a05ca0,0x00000000e9d00000)
  to   space 29184K, 0% used [0x00000000e6700000,0x00000000e6700000,0x00000000e8380000)
 ParOldGen       total 55808K, used 19580K [0x0000000082200000, 0x0000000085880000, 0x00000000d6100000)
  object space 55808K, 35% used [0x0000000082200000,0x000000008351f070,0x0000000085880000)
 Metaspace       used 25951K, capacity 26083K, committed 26240K, reserved 1073152K
  class space    used 3123K, capacity 3178K, committed 3200K, reserved 1048576K
}
Event: 3.426 GC heap before
{Heap before GC invocations=12 (full 1):
 PSYoungGen      total 294400K, used 291351K [0x00000000d6100000, 0x00000000ea100000, 0x0000000100000000)
  eden space 268288K, 100% used [0x00000000d6100000,0x00000000e6700000,0x00000000e6700000)
  from space 26112K, 88% used [0x00000000e8380000,0x00000000e9a05ca0,0x00000000e9d00000)
  to   space 29184K, 0% used [0x00000000e6700000,0x00000000e6700000,0x00000000e8380000)
 ParOldGen       total 55808K, used 19580K [0x0000000082200000, 0x0000000085880000, 0x00000000d6100000)
  object space 55808K, 35% used [0x0000000082200000,0x000000008351f070,0x0000000085880000)
 Metaspace       used 25967K, capacity 26083K, committed 26240K, reserved 1073152K
  class space    used 3125K, capacity 3178K, committed 3200K, reserved 1048576K
Event: 3.446 GC heap after
Heap after GC invocations=12 (full 1):
 PSYoungGen      total 297472K, used 29165K [0x00000000d6100000, 0x00000000f2600000, 0x0000000100000000)
  eden space 268288K, 0% used [0x00000000d6100000,0x00000000d6100000,0x00000000e6700000)
  from space 29184K, 99% used [0x00000000e6700000,0x00000000e837b588,0x00000000e8380000)
  to   space 37376K, 0% used [0x00000000f0180000,0x00000000f0180000,0x00000000f2600000)
 ParOldGen       total 55808K, used 28574K [0x0000000082200000, 0x0000000085880000, 0x00000000d6100000)
  object space 55808K, 51% used [0x0000000082200000,0x0000000083de7b90,0x0000000085880000)
 Metaspace       used 25967K, capacity 26083K, committed 26240K, reserved 1073152K
  class space    used 3125K, capacity 3178K, committed 3200K, reserved 1048576K
}
Event: 4.010 GC heap before
{Heap before GC invocations=13 (full 1):
 PSYoungGen      total 297472K, used 297453K [0x00000000d6100000, 0x00000000f2600000, 0x0000000100000000)
  eden space 268288K, 100% used [0x00000000d6100000,0x00000000e6700000,0x00000000e6700000)
  from space 29184K, 99% used [0x00000000e6700000,0x00000000e837b588,0x00000000e8380000)
  to   space 37376K, 0% used [0x00000000f0180000,0x00000000f0180000,0x00000000f2600000)
 ParOldGen       total 55808K, used 28574K [0x0000000082200000, 0x0000000085880000, 0x00000000d6100000)
  object space 55808K, 51% used [0x0000000082200000,0x0000000083de7b90,0x0000000085880000)
 Metaspace       used 29028K, capacity 29147K, committed 29440K, reserved 1075200K
  class space    used 3411K, capacity 3470K, committed 3584K, reserved 1048576K
Event: 4.038 GC heap after
Heap after GC invocations=13 (full 1):
 PSYoungGen      total 417792K, used 37354K [0x00000000d6100000, 0x00000000f3780000, 0x0000000100000000)
  eden space 380416K, 0% used [0x00000000d6100000,0x00000000d6100000,0x00000000ed480000)
  from space 37376K, 99% used [0x00000000f0180000,0x00000000f25fa980,0x00000000f2600000)
  to   space 46080K, 0% used [0x00000000ed480000,0x00000000ed480000,0x00000000f0180000)
 ParOldGen       total 55808K, used 35680K [0x0000000082200000, 0x0000000085880000, 0x00000000d6100000)
  object space 55808K, 63% used [0x0000000082200000,0x00000000844d8138,0x0000000085880000)
 Metaspace       used 29028K, capacity 29147K, committed 29440K, reserved 1075200K
  class space    used 3411K, capacity 3470K, committed 3584K, reserved 1048576K
}

